<?xml version="1.0" encoding="UTF-8"?>
<!-- Generated by org.testng.reporters.JUnitXMLReporter -->
<testsuite ignored="3" hostname="TYSS-Jitendra" failures="0" tests="2" name="Sanity Test" time="226.27" errors="0" timestamp="2024-06-30T12:11:44 IST">
  <testcase classname="org.appiumpractise.TestCases.eCommerce_tc_4_Hybrid" name="E2E_TC" time="42.448"/>
  <testcase classname="org.appiumpractise.TestCases.eCommerce_tc_4_Hybrid" name="E2E_TC" time="110.432"/>
  <testcase classname="org.appiumpractise.TestCases.eCommerce_tc_2" name="FillForm" time="0.0">
    <ignored/>
  </testcase> <!-- FillForm -->
  <testcase classname="org.appiumpractise.TestCases.eCommerce_tc_3" name="FillForm" time="0.0">
    <ignored/>
  </testcase> <!-- FillForm -->
  <testcase classname="org.appiumpractise.TestCases.eCommerce_tc_1" name="FillForm" time="0.0">
    <ignored/>
  </testcase> <!-- FillForm -->
</testsuite> <!-- Sanity Test -->
