<?xml version="1.0" encoding="UTF-8"?>
<testng-results ignored="5" total="7" passed="2" failed="0" skipped="0">
  <reporter-output>
  </reporter-output>
  <suite started-at="2024-06-30T12:07:54 IST" name="Suite" finished-at="2024-06-30T12:11:43 IST" duration-ms="229616">
    <groups>
      <group name="Smoke">
        <method signature="eCommerce_tc_4_Hybrid.E2E_TC(java.util.HashMap)[pri:0, instance:org.appiumpractise.TestCases.eCommerce_tc_4_Hybrid@8ad6665]" name="E2E_TC" class="org.appiumpractise.TestCases.eCommerce_tc_4_Hybrid"/>
      </group> <!-- Smoke -->
    </groups>
    <test started-at="2024-06-30T12:07:54 IST" name="End To End FrameWork Test" finished-at="2024-06-30T12:07:54 IST" duration-ms="135">
    </test> <!-- End To End FrameWork Test -->
    <test started-at="2024-06-30T12:07:57 IST" name="Error Validation Test" finished-at="2024-06-30T12:07:57 IST" duration-ms="3">
    </test> <!-- Error Validation Test -->
    <test started-at="2024-06-30T12:07:57 IST" name="Sanity Test" finished-at="2024-06-30T12:11:43 IST" duration-ms="226270">
      <class name="org.appiumpractise.TestCases.eCommerce_tc_4_Hybrid">
        <test-method is-config="true" signature="ConfigureAppium()[pri:0, instance:org.appiumpractise.TestCases.eCommerce_tc_4_Hybrid@8ad6665]" started-at="2024-06-30T12:07:57 IST" name="ConfigureAppium" finished-at="2024-06-30T12:08:53 IST" duration-ms="55984" status="PASS">
          <reporter-output>
          </reporter-output>
        </test-method> <!-- ConfigureAppium -->
        <test-method is-config="true" signature="preSetup()[pri:0, instance:org.appiumpractise.TestCases.eCommerce_tc_4_Hybrid@8ad6665]" started-at="2024-06-30T12:08:57 IST" name="preSetup" finished-at="2024-06-30T12:08:58 IST" duration-ms="1462" status="PASS">
          <reporter-output>
          </reporter-output>
        </test-method> <!-- preSetup -->
        <test-method signature="E2E_TC(java.util.HashMap)[pri:0, instance:org.appiumpractise.TestCases.eCommerce_tc_4_Hybrid@8ad6665]" started-at="2024-06-30T12:08:58 IST" name="E2E_TC" data-provider="getData" finished-at="2024-06-30T12:09:41 IST" duration-ms="42448" status="PASS">
          <params>
            <param index="0">
              <value>
                <![CDATA[{name=Hannah Mckay, countryName=Argentina, gender=female}]]>
              </value>
            </param>
          </params>
          <reporter-output>
          </reporter-output>
        </test-method> <!-- E2E_TC -->
        <test-method is-config="true" signature="preSetup()[pri:0, instance:org.appiumpractise.TestCases.eCommerce_tc_4_Hybrid@8ad6665]" started-at="2024-06-30T12:09:41 IST" name="preSetup" finished-at="2024-06-30T12:09:48 IST" duration-ms="7159" status="PASS">
          <reporter-output>
          </reporter-output>
        </test-method> <!-- preSetup -->
        <test-method signature="E2E_TC(java.util.HashMap)[pri:0, instance:org.appiumpractise.TestCases.eCommerce_tc_4_Hybrid@8ad6665]" started-at="2024-06-30T12:09:48 IST" name="E2E_TC" data-provider="getData" finished-at="2024-06-30T12:11:39 IST" duration-ms="110432" status="PASS">
          <params>
            <param index="0">
              <value>
                <![CDATA[{name=Jitendra, countryName=India, gender=male}]]>
              </value>
            </param>
          </params>
          <reporter-output>
          </reporter-output>
        </test-method> <!-- E2E_TC -->
        <test-method is-config="true" signature="TearDown()[pri:0, instance:org.appiumpractise.TestCases.eCommerce_tc_4_Hybrid@8ad6665]" started-at="2024-06-30T12:11:39 IST" name="TearDown" finished-at="2024-06-30T12:11:43 IST" duration-ms="4659" status="PASS">
          <reporter-output>
          </reporter-output>
        </test-method> <!-- TearDown -->
      </class> <!-- org.appiumpractise.TestCases.eCommerce_tc_4_Hybrid -->
    </test> <!-- Sanity Test -->
  </suite> <!-- Suite -->
</testng-results>
