<?xml version="1.0" encoding="UTF-8"?>
<testsuite xmlns:xsi="http://www.w3.org/2001/XMLSchema-instance" xsi:noNamespaceSchemaLocation="https://maven.apache.org/surefire/maven-surefire-plugin/xsd/surefire-test-report.xsd" version="3.0.1" name="TestSuite" time="237.077" tests="2" errors="0" skipped="0" failures="0">
  <properties>
[...]
</properties>
  <testcase name="E2E_TC[{name=Hannah Mckay, countryName=Argentina, gender=female}](1)" classname="org.appiumpractise.TestCases.eCommerce_tc_4_Hybrid" time="42.513">
    <system-out><![CDATA[&amp#27;[35m[Appium]&amp#27;[39m Welcome to Appium v2.5.4
&amp#27;[35m[Appium]&amp#27;[39m Non-default server args:
&amp#27;[35m[Appium]&amp#27;[39m { address: &amp#27;[32m'127.0.0.1'&amp#27;[39m }
&amp#27;[35m[Appium]&amp#27;[39m The autodetected Appium home path: C:\Users\user1\.appium
&amp#27;[35m[Appium]&amp#27;[39m Attempting to load driver uiautomator2...
&amp#27;[35m[Appium]&amp#27;[39m Requiring driver at C:\Users\user1\.appium\node_modules\appium-uiautomator2-driver\build\index.js
&amp#27;[35m[Appium]&amp#27;[39m AndroidUiautomator2Driver has been successfully loaded in 7.012s
&amp#27;[35m[Appium]&amp#27;[39m Appium REST http interface listener started on http://127.0.0.1:4723
&amp#27;[35m[Appium]&amp#27;[39m Available drivers:
&amp#27;[35m[Appium]&amp#27;[39m   - uiautomator2@3.5.1 (automationName 'UiAutomator2')
&amp#27;[35m[Appium]&amp#27;[39m No plugins have been installed. Use the "appium plugin" command to install the one(s) you want to use.
&amp#27;[38;5;0m[HTTP]&amp#27;[0m &amp#27;[37m-->&amp#27;[39m &amp#27;[37mGET&amp#27;[39m &amp#27;[37m/status&amp#27;[39m
&amp#27;[38;5;0m[HTTP]&amp#27;[0m &amp#27;[90m{}&amp#27;[39m
&amp#27;[38;5;16m[AppiumDriver@2009]&amp#27;[0m Calling AppiumDriver.getStatus() with args: []
&amp#27;[38;5;16m[AppiumDriver@2009]&amp#27;[0m Responding to client with driver.getStatus() result: {"ready":true,"message":"The server is ready to accept new connections","build":{"version":"2.5.4"}}
&amp#27;[38;5;0m[HTTP]&amp#27;[0m &amp#27;[37m<-- GET /status &amp#27;[39m&amp#27;[32m200&amp#27;[39m &amp#27;[90m75 ms - 110&amp#27;[39m
&amp#27;[38;5;0m[HTTP]&amp#27;[0m &amp#27;[90m&amp#27;[39m
&amp#27;[38;5;0m[HTTP]&amp#27;[0m Request idempotency key: e4a15636-7413-448b-b9e9-5bf1f491ff21
&amp#27;[38;5;0m[HTTP]&amp#27;[0m &amp#27;[37m-->&amp#27;[39m &amp#27;[37mPOST&amp#27;[39m &amp#27;[37m/session&amp#27;[39m
&amp#27;[38;5;0m[HTTP]&amp#27;[0m &amp#27;[90m{"capabilities":{"firstMatch":[{}],"alwaysMatch":{"appium:deviceName":"Pixel 4 API 33","appium:automationName":"UIAutomator2","platformName":"ANDROID","appium:app":"C:\\Users\\user1\\eclipse-workspace\\AppiumFrameworkDesign\\src\\test\\java\\org\\appiumpractise\\TestResources\\General-Store.apk"}}}&amp#27;[39m
&amp#27;[38;5;16m[AppiumDriver@2009]&amp#27;[0m Calling AppiumDriver.createSession() with args: [null,null,{"firstMatch":[{}],"alwaysMatch":{"appium:deviceName":"Pixel 4 API 33","appium:automationName":"UIAutomator2","platformName":"ANDROID","appium:app":"C:\\Users\\user1\\eclipse-workspace\\AppiumFrameworkDesign\\src\\test\\java\\org\\appiumpractise\\TestResources\\General-Store.apk"}}]
&amp#27;[38;5;16m[AppiumDriver@2009]&amp#27;[0m Event 'newSessionRequested' logged at 1719729496671 (12:08:16 GMT+0530 (India Standard Time))
&amp#27;[35m[Appium]&amp#27;[39m Attempting to find matching driver for automationName 'UIAutomator2' and platformName 'ANDROID'
&amp#27;[35m[Appium]&amp#27;[39m The 'uiautomator2' driver was installed and matched caps.
&amp#27;[35m[Appium]&amp#27;[39m Will require it at C:\Users\user1\.appium\node_modules\appium-uiautomator2-driver
&amp#27;[35m[Appium]&amp#27;[39m Requiring driver at C:\Users\user1\.appium\node_modules\appium-uiautomator2-driver\build\index.js
&amp#27;[38;5;16m[AppiumDriver@2009]&amp#27;[0m Appium v2.5.4 creating new AndroidUiautomator2Driver (v3.5.1) session
&amp#27;[38;5;16m[AppiumDriver@2009]&amp#27;[0m Checking BaseDriver versions for Appium and AndroidUiautomator2Driver
&amp#27;[38;5;16m[AppiumDriver@2009]&amp#27;[0m Appium's BaseDriver version is 9.6.0
&amp#27;[38;5;16m[AppiumDriver@2009]&amp#27;[0m AndroidUiautomator2Driver's BaseDriver version is 9.6.0
&amp#27;[38;5;32m[AndroidUiautomator2Driver@c8ba]&amp#27;[0m Creating session with W3C capabilities: {
&amp#27;[38;5;32m[AndroidUiautomator2Driver@c8ba]&amp#27;[0m   "alwaysMatch": {
&amp#27;[38;5;32m[AndroidUiautomator2Driver@c8ba]&amp#27;[0m     "platformName": "ANDROID",
&amp#27;[38;5;32m[AndroidUiautomator2Driver@c8ba]&amp#27;[0m     "appium:deviceName": "Pixel 4 API 33",
&amp#27;[38;5;32m[AndroidUiautomator2Driver@c8ba]&amp#27;[0m     "appium:automationName": "UIAutomator2",
&amp#27;[38;5;32m[AndroidUiautomator2Driver@c8ba]&amp#27;[0m     "appium:app": "C:\\Users\\user1\\eclipse-workspace\\AppiumFrameworkDesign\\src\\test\\java\\org\\appiumpractise\\TestResources\\General-Store.apk"
&amp#27;[38;5;32m[AndroidUiautomator2Driver@c8ba]&amp#27;[0m   },
&amp#27;[38;5;32m[AndroidUiautomator2Driver@c8ba]&amp#27;[0m   "firstMatch": [
&amp#27;[38;5;32m[AndroidUiautomator2Driver@c8ba]&amp#27;[0m     {}
&amp#27;[38;5;32m[AndroidUiautomator2Driver@c8ba]&amp#27;[0m   ]
&amp#27;[38;5;32m[AndroidUiautomator2Driver@c8ba]&amp#27;[0m }
&amp#27;[38;5;32m[AndroidUiautomator2Driver@c8ba (97e05545)]&amp#27;[0m Session created with session id: 97e05545-8943-43c6-b150-6f91fc2b2087
&amp#27;[38;5;48m[ADB]&amp#27;[0m Found 5 'build-tools' folders under 'C:\Users\user1\AppData\Local\Android\Sdk' (newest first):
&amp#27;[38;5;48m[ADB]&amp#27;[0m     C:\Users\user1\AppData\Local\Android\Sdk\build-tools\33.0.0
&amp#27;[38;5;48m[ADB]&amp#27;[0m     C:\Users\user1\AppData\Local\Android\Sdk\build-tools\33.0.0-rc1
&amp#27;[38;5;48m[ADB]&amp#27;[0m     C:\Users\user1\AppData\Local\Android\Sdk\build-tools\32.1.0-rc1
&amp#27;[38;5;48m[ADB]&amp#27;[0m     C:\Users\user1\AppData\Local\Android\Sdk\build-tools\32.0.0
&amp#27;[38;5;48m[ADB]&amp#27;[0m     C:\Users\user1\AppData\Local\Android\Sdk\build-tools\30.0.3
&amp#27;[38;5;48m[ADB]&amp#27;[0m Using 'adb.exe' from 'C:\Users\user1\AppData\Local\Android\Sdk\platform-tools\adb.exe'
&amp#27;[38;5;48m[ADB]&amp#27;[0m Running 'C:\Users\user1\AppData\Local\Android\Sdk\platform-tools\adb.exe -P 5037 start-server'
&amp#27;[38;5;32m[AndroidUiautomator2Driver@c8ba (97e05545)]&amp#27;[0m Retrieving device list
&amp#27;[38;5;48m[ADB]&amp#27;[0m Trying to find connected Android devices
&amp#27;[38;5;48m[ADB]&amp#27;[0m Getting connected devices
&amp#27;[38;5;48m[ADB]&amp#27;[0m Connected devices: [{"udid":"emulator-5554","state":"device"}]
&amp#27;[38;5;32m[AndroidUiautomator2Driver@c8ba (97e05545)]&amp#27;[0m Using device: emulator-5554
&amp#27;[38;5;48m[ADB]&amp#27;[0m Using 'adb.exe' from 'C:\Users\user1\AppData\Local\Android\Sdk\platform-tools\adb.exe'
&amp#27;[38;5;48m[ADB]&amp#27;[0m Running 'C:\Users\user1\AppData\Local\Android\Sdk\platform-tools\adb.exe -P 5037 start-server'
&amp#27;[38;5;48m[ADB]&amp#27;[0m Setting device id to emulator-5554
&amp#27;[38;5;64m[BaseDriver]&amp#27;[0m Using local app 'C:\Users\user1\eclipse-workspace\AppiumFrameworkDesign\src\test\java\org\appiumpractise\TestResources\General-Store.apk'
&amp#27;[38;5;32m[AndroidUiautomator2Driver@c8ba (97e05545)]&amp#27;[0m Checking whether app is actually present
&amp#27;[38;5;48m[ADB]&amp#27;[0m Running 'C:\Users\user1\AppData\Local\Android\Sdk\platform-tools\adb.exe -P 5037 -s emulator-5554 shell getprop ro.build.version.sdk'
&amp#27;[38;5;48m[ADB]&amp#27;[0m Current device property 'ro.build.version.sdk': 33
&amp#27;[38;5;48m[ADB]&amp#27;[0m Getting device platform version
&amp#27;[38;5;48m[ADB]&amp#27;[0m Running 'C:\Users\user1\AppData\Local\Android\Sdk\platform-tools\adb.exe -P 5037 -s emulator-5554 shell getprop ro.build.version.release'
&amp#27;[38;5;48m[ADB]&amp#27;[0m Current device property 'ro.build.version.release': 13
&amp#27;[38;5;48m[ADB]&amp#27;[0m Device API level: 33
&amp#27;[38;5;32m[AndroidUiautomator2Driver@c8ba (97e05545)]&amp#27;[0m Relaxing hidden api policy
&amp#27;[38;5;48m[ADB]&amp#27;[0m Running 'C:\Users\user1\AppData\Local\Android\Sdk\platform-tools\adb.exe -P 5037 -s emulator-5554 shell 'settings put global hidden_api_policy_pre_p_apps 1;settings put global hidden_api_policy_p_apps 1;settings put global hidden_api_policy 1''
&amp#27;[38;5;32m[AndroidUiautomator2Driver@c8ba (97e05545)]&amp#27;[0m Parsing package and activity from app manifest
&amp#27;[38;5;48m[ADB]&amp#27;[0m Running 'C:\Users\user1\AppData\Local\Android\Sdk\platform-tools\adb.exe -P 5037 -s emulator-5554 wait-for-device'
&amp#27;[38;5;48m[ADB]&amp#27;[0m Package name: 'com.androidsample.generalstore'
&amp#27;[38;5;48m[ADB]&amp#27;[0m Main activity name: 'com.androidsample.generalstore.SplashActivity'
&amp#27;[38;5;32m[AndroidUiautomator2Driver@c8ba (97e05545)]&amp#27;[0m Parsed package and activity are: com.androidsample.generalstore/com.androidsample.generalstore.SplashActivity
&amp#27;[38;5;48m[ADB]&amp#27;[0m Running 'C:\Users\user1\AppData\Local\Android\Sdk\platform-tools\adb.exe -P 5037 -s emulator-5554 shell echo ping'
&amp#27;[38;5;32m[AndroidUiautomator2Driver@c8ba (97e05545)]&amp#27;[0m Pushing settings apk to the device...
&amp#27;[38;5;48m[ADB]&amp#27;[0m Getting package info for 'io.appium.settings'
&amp#27;[38;5;48m[ADB]&amp#27;[0m Running 'C:\Users\user1\AppData\Local\Android\Sdk\platform-tools\adb.exe -P 5037 -s emulator-5554 shell dumpsys package io.appium.settings'
&amp#27;[38;5;48m[ADB]&amp#27;[0m The version name of the installed 'io.appium.settings' is greater or equal to the application version name ('5.9.1' >= '5.9.1')
&amp#27;[38;5;48m[ADB]&amp#27;[0m There is no need to install/upgrade 'C:\Users\user1\.appium\node_modules\appium-uiautomator2-driver\node_modules\io.appium.settings\apks\settings_apk-debug.apk'
&amp#27;[38;5;48m[ADB]&amp#27;[0m Running 'C:\Users\user1\AppData\Local\Android\Sdk\platform-tools\adb.exe -P 5037 -s emulator-5554 shell dumpsys activity services io.appium.settings'
&amp#27;[38;5;32m[AndroidUiautomator2Driver@c8ba (97e05545)]&amp#27;[0m io.appium.settings is already running. There is no need to reset its permissions.
&amp#27;[38;5;80m[Logcat]&amp#27;[0m Starting logs capture with command: C:\\Users\\user1\\AppData\\Local\\Android\\Sdk\\platform-tools\\adb.exe -P 5037 -s emulator-5554 logcat -v threadtime
&amp#27;[38;5;32m[AndroidUiautomator2Driver@c8ba (97e05545)]&amp#27;[0m Forwarding UiAutomator2 Server port 6790 to local port 8201
&amp#27;[38;5;48m[ADB]&amp#27;[0m Forwarding system: 8201 to device: 6790
&amp#27;[38;5;48m[ADB]&amp#27;[0m Running 'C:\Users\user1\AppData\Local\Android\Sdk\platform-tools\adb.exe -P 5037 -s emulator-5554 forward tcp:8201 tcp:6790'
&amp#27;[38;5;48m[ADB]&amp#27;[0m Getting package info for 'io.appium.uiautomator2.server'
&amp#27;[38;5;48m[ADB]&amp#27;[0m Running 'C:\Users\user1\AppData\Local\Android\Sdk\platform-tools\adb.exe -P 5037 -s emulator-5554 shell dumpsys package io.appium.uiautomator2.server'
&amp#27;[38;5;48m[ADB]&amp#27;[0m Getting install status for io.appium.uiautomator2.server.test
&amp#27;[38;5;48m[ADB]&amp#27;[0m Checking app cert for C:\Users\user1\eclipse-workspace\AppiumFrameworkDesign\src\test\java\org\appiumpractise\TestResources\General-Store.apk
&amp#27;[38;5;48m[ADB]&amp#27;[0m Running 'C:\Users\user1\AppData\Local\Android\Sdk\platform-tools\adb.exe -P 5037 -s emulator-5554 shell cmd package list packages'
&amp#27;[38;5;48m[ADB]&amp#27;[0m Using 'apksigner.jar' from 'C:\Users\user1\AppData\Local\Android\Sdk\build-tools\33.0.0\lib\apksigner.jar'
&amp#27;[38;5;48m[ADB]&amp#27;[0m Starting apksigner: 'C:\\Program Files\\Java\\jdk-11.0.14\\bin\\java.exe' -Xmx1024M -Xss1m -jar C:\\Users\\user1\\AppData\\Local\\Android\\Sdk\\build-tools\\33.0.0\\lib\\apksigner.jar verify --print-certs C:\\Users\\user1\\eclipse-workspace\\AppiumFrameworkDesign\\src\\test\\java\\org\\appiumpractise\\TestResources\\General-Store.apk
&amp#27;[38;5;48m[ADB]&amp#27;[0m 'io.appium.uiautomator2.server.test' is installed
&amp#27;[38;5;48m[ADB]&amp#27;[0m The version name of the installed 'io.appium.uiautomator2.server' is greater or equal to the application version name ('7.0.7' >= '7.0.7')
&amp#27;[38;5;32m[AndroidUiautomator2Driver@c8ba (97e05545)]&amp#27;[0m Server packages status: [{"installState":"sameVersionInstalled","appPath":"C:\\Users\\user1\\.appium\\node_modules\\appium-uiautomator2-driver\\node_modules\\appium-uiautomator2-server\\apks\\appium-uiautomator2-server-v7.0.7.apk","appId":"io.appium.uiautomator2.server"},{"installState":"sameVersionInstalled","appPath":"C:\\Users\\user1\\.appium\\node_modules\\appium-uiautomator2-driver\\node_modules\\appium-uiautomator2-server\\apks\\appium-uiautomator2-server-debug-androidTest.apk","appId":"io.appium.uiautomator2.server.test"}]
&amp#27;[38;5;32m[AndroidUiautomator2Driver@c8ba (97e05545)]&amp#27;[0m Server packages are not going to be (re)installed
&amp#27;[38;5;32m[AndroidUiautomator2Driver@c8ba (97e05545)]&amp#27;[0m Waiting up to 30000ms for services to be available
&amp#27;[38;5;48m[ADB]&amp#27;[0m Running 'C:\Users\user1\AppData\Local\Android\Sdk\platform-tools\adb.exe -P 5037 -s emulator-5554 shell pm list instrumentation'
&amp#27;[38;5;32m[AndroidUiautomator2Driver@c8ba (97e05545)]&amp#27;[0m Instrumentation target 'io.appium.uiautomator2.server.test/androidx.test.runner.AndroidJUnitRunner' is available
&amp#27;[38;5;48m[ADB]&amp#27;[0m Adding packages ["io.appium.settings","io.appium.uiautomator2.server","io.appium.uiautomator2.server.test"] to Doze whitelist
&amp#27;[38;5;48m[ADB]&amp#27;[0m Got the following command chunks to execute: [["dumpsys","deviceidle","whitelist","+io.appium.settings",";","dumpsys","deviceidle","whitelist","+io.appium.uiautomator2.server",";","dumpsys","deviceidle","whitelist","+io.appium.uiautomator2.server.test",";"]]
&amp#27;[38;5;48m[ADB]&amp#27;[0m Running 'C:\Users\user1\AppData\Local\Android\Sdk\platform-tools\adb.exe -P 5037 -s emulator-5554 shell dumpsys deviceidle whitelist +io.appium.settings ; dumpsys deviceidle whitelist +io.appium.uiautomator2.server ; dumpsys deviceidle whitelist +io.appium.uiautomator2.server.test ;'
&amp#27;[38;5;48m[ADB]&amp#27;[0m apksigner stdout: Signer #1 certificate DN: EMAILADDRESS=android@android.com, CN=Android, OU=Android, O=Android, L=Mountain View, ST=California, C=US
&amp#27;[38;5;48m[ADB]&amp#27;[0m Signer #1 certificate SHA-256 digest: a40da80a59d170caa950cf15c18c454d47a39b26989d8b640ecd745ba71bf5dc
&amp#27;[38;5;48m[ADB]&amp#27;[0m Signer #1 certificate SHA-1 digest: 61ed377e85d386a8dfee6b864bd85b0bfaa5af81
&amp#27;[38;5;48m[ADB]&amp#27;[0m Signer #1 certificate MD5 digest: e89b158e4bcf988ebd09eb83f5378e87
&amp#27;[38;5;48m[ADB]&amp#27;[0m 
&amp#27;[38;5;48m[ADB]&amp#27;[0m sha256 hash did match for 'General-Store.apk'
&amp#27;[38;5;48m[ADB]&amp#27;[0m 'C:\Users\user1\eclipse-workspace\AppiumFrameworkDesign\src\test\java\org\appiumpractise\TestResources\General-Store.apk' is signed with the default certificate
&amp#27;[38;5;48m[ADB]&amp#27;[0m Getting package info for 'com.androidsample.generalstore'
&amp#27;[38;5;48m[ADB]&amp#27;[0m Running 'C:\Users\user1\AppData\Local\Android\Sdk\platform-tools\adb.exe -P 5037 -s emulator-5554 shell dumpsys package com.androidsample.generalstore'
&amp#27;[38;5;48m[ADB]&amp#27;[0m The version name of the installed 'com.androidsample.generalstore' is greater or equal to the application version name ('1.0.0' >= '1.0.0')
&amp#27;[38;5;48m[ADB]&amp#27;[0m There is no need to install/upgrade 'C:\Users\user1\eclipse-workspace\AppiumFrameworkDesign\src\test\java\org\appiumpractise\TestResources\General-Store.apk'
&amp#27;[38;5;32m[AndroidUiautomator2Driver@c8ba (97e05545)]&amp#27;[0m Performing fast reset on 'com.androidsample.generalstore'
&amp#27;[38;5;48m[ADB]&amp#27;[0m Getting install status for com.androidsample.generalstore
&amp#27;[38;5;48m[ADB]&amp#27;[0m Running 'C:\Users\user1\AppData\Local\Android\Sdk\platform-tools\adb.exe -P 5037 -s emulator-5554 shell cmd package list packages'
&amp#27;[38;5;48m[ADB]&amp#27;[0m 'com.androidsample.generalstore' is installed
&amp#27;[38;5;48m[ADB]&amp#27;[0m Running 'C:\Users\user1\AppData\Local\Android\Sdk\platform-tools\adb.exe -P 5037 -s emulator-5554 shell am force-stop com.androidsample.generalstore'
&amp#27;[38;5;48m[ADB]&amp#27;[0m Running 'C:\Users\user1\AppData\Local\Android\Sdk\platform-tools\adb.exe -P 5037 -s emulator-5554 shell pm clear com.androidsample.generalstore'
&amp#27;[38;5;32m[AndroidUiautomator2Driver@c8ba (97e05545)]&amp#27;[0m Performed fast reset on the installed 'com.androidsample.generalstore' application (stop and clear)
&amp#27;[38;5;32m[AndroidUiautomator2Driver@c8ba (97e05545)]&amp#27;[0m Performing shallow cleanup of automation leftovers
&amp#27;[38;5;32m[AndroidUiautomator2Driver@c8ba (97e05545)]&amp#27;[0m No obsolete sessions have been detected (socket hang up)
&amp#27;[38;5;48m[ADB]&amp#27;[0m Running 'C:\Users\user1\AppData\Local\Android\Sdk\platform-tools\adb.exe -P 5037 -s emulator-5554 shell am force-stop io.appium.uiautomator2.server.test'
&amp#27;[38;5;32m[AndroidUiautomator2Driver@c8ba (97e05545)]&amp#27;[0m Starting UIAutomator2 server 7.0.7
&amp#27;[38;5;32m[AndroidUiautomator2Driver@c8ba (97e05545)]&amp#27;[0m Using UIAutomator2 server from 'C:\Users\user1\.appium\node_modules\appium-uiautomator2-driver\node_modules\appium-uiautomator2-server\apks\appium-uiautomator2-server-v7.0.7.apk' and test from 'C:\Users\user1\.appium\node_modules\appium-uiautomator2-driver\node_modules\appium-uiautomator2-server\apks\appium-uiautomator2-server-debug-androidTest.apk'
&amp#27;[38;5;32m[AndroidUiautomator2Driver@c8ba (97e05545)]&amp#27;[0m Waiting up to 30000ms for UiAutomator2 to be online...
&amp#27;[38;5;48m[ADB]&amp#27;[0m Creating ADB subprocess with args: ["-P","5037","-s","emulator-5554","shell","am","instrument","-w","-e","disableAnalytics","true","io.appium.uiautomator2.server.test/androidx.test.runner.AndroidJUnitRunner"]
&amp#27;[38;5;32m[AndroidUiautomator2Driver@c8ba (97e05545)]&amp#27;[0m Matched '/status' to command name 'getStatus'
&amp#27;[38;5;32m[AndroidUiautomator2Driver@c8ba (97e05545)]&amp#27;[0m Proxying [GET /status] to [GET http://127.0.0.1:8201/status] with no body
&amp#27;[38;5;32m[AndroidUiautomator2Driver@c8ba (97e05545)]&amp#27;[0m socket hang up
&amp#27;[38;5;32m[AndroidUiautomator2Driver@c8ba (97e05545)]&amp#27;[0m Matched '/status' to command name 'getStatus'
&amp#27;[38;5;32m[AndroidUiautomator2Driver@c8ba (97e05545)]&amp#27;[0m Proxying [GET /status] to [GET http://127.0.0.1:8201/status] with no body
&amp#27;[38;5;32m[AndroidUiautomator2Driver@c8ba (97e05545)]&amp#27;[0m socket hang up
&amp#27;[38;5;32m[AndroidUiautomator2Driver@c8ba (97e05545)]&amp#27;[0m Matched '/status' to command name 'getStatus'
&amp#27;[38;5;32m[AndroidUiautomator2Driver@c8ba (97e05545)]&amp#27;[0m Proxying [GET /status] to [GET http://127.0.0.1:8201/status] with no body
&amp#27;[38;5;32m[AndroidUiautomator2Driver@c8ba (97e05545)]&amp#27;[0m socket hang up
&amp#27;[38;5;32m[AndroidUiautomator2Driver@c8ba (97e05545)]&amp#27;[0m Matched '/status' to command name 'getStatus'
&amp#27;[38;5;32m[AndroidUiautomator2Driver@c8ba (97e05545)]&amp#27;[0m Proxying [GET /status] to [GET http://127.0.0.1:8201/status] with no body
&amp#27;[38;5;32m[AndroidUiautomator2Driver@c8ba (97e05545)]&amp#27;[0m socket hang up
&amp#27;[38;5;32m[AndroidUiautomator2Driver@c8ba (97e05545)]&amp#27;[0m Matched '/status' to command name 'getStatus'
&amp#27;[38;5;32m[AndroidUiautomator2Driver@c8ba (97e05545)]&amp#27;[0m Proxying [GET /status] to [GET http://127.0.0.1:8201/status] with no body
&amp#27;[38;5;32m[AndroidUiautomator2Driver@c8ba (97e05545)]&amp#27;[0m socket hang up
&amp#27;[38;5;32m[AndroidUiautomator2Driver@c8ba (97e05545)]&amp#27;[0m Matched '/status' to command name 'getStatus'
&amp#27;[38;5;32m[AndroidUiautomator2Driver@c8ba (97e05545)]&amp#27;[0m Proxying [GET /status] to [GET http://127.0.0.1:8201/status] with no body
&amp#27;[38;5;32m[AndroidUiautomator2Driver@c8ba (97e05545)]&amp#27;[0m socket hang up
&amp#27;[38;5;96m[Instrumentation]&amp#27;[0m io.appium.uiautomator2.server.test.AppiumUiAutomator2Server:
&amp#27;[38;5;32m[AndroidUiautomator2Driver@c8ba (97e05545)]&amp#27;[0m Matched '/status' to command name 'getStatus'
&amp#27;[38;5;32m[AndroidUiautomator2Driver@c8ba (97e05545)]&amp#27;[0m Proxying [GET /status] to [GET http://127.0.0.1:8201/status] with no body
&amp#27;[38;5;32m[AndroidUiautomator2Driver@c8ba (97e05545)]&amp#27;[0m socket hang up
&amp#27;[38;5;32m[AndroidUiautomator2Driver@c8ba (97e05545)]&amp#27;[0m Matched '/status' to command name 'getStatus'
&amp#27;[38;5;32m[AndroidUiautomator2Driver@c8ba (97e05545)]&amp#27;[0m Proxying [GET /status] to [GET http://127.0.0.1:8201/status] with no body
&amp#27;[38;5;32m[AndroidUiautomator2Driver@c8ba (97e05545)]&amp#27;[0m socket hang up
&amp#27;[38;5;32m[AndroidUiautomator2Driver@c8ba (97e05545)]&amp#27;[0m Matched '/status' to command name 'getStatus'
&amp#27;[38;5;32m[AndroidUiautomator2Driver@c8ba (97e05545)]&amp#27;[0m Proxying [GET /status] to [GET http://127.0.0.1:8201/status] with no body
&amp#27;[38;5;32m[AndroidUiautomator2Driver@c8ba (97e05545)]&amp#27;[0m Got response with status 200: {"sessionId":"None","value":{"message":"UiAutomator2 Server is ready to accept commands","ready":true}}
&amp#27;[38;5;32m[AndroidUiautomator2Driver@c8ba (97e05545)]&amp#27;[0m The initialization of the instrumentation process took 10903ms
&amp#27;[38;5;32m[AndroidUiautomator2Driver@c8ba (97e05545)]&amp#27;[0m Matched '/session' to command name 'createSession'
&amp#27;[38;5;32m[AndroidUiautomator2Driver@c8ba (97e05545)]&amp#27;[0m Proxying [POST /session] to [POST http://127.0.0.1:8201/session] with body: {"capabilities":{"firstMatch":[{"platformName":"ANDROID","deviceName":"emulator-5554","automationName":"UIAutomator2","app":"C:\\Users\\user1\\eclipse-workspace\\AppiumFrameworkDesign\\src\\test\\java\\org\\appiumpractise\\TestResources\\General-Store.apk","platform":"LINUX","webStorageEnabled":false,"takesScreenshot":true,"javascriptEnabled":true,"databaseEnabled":false,"networkConnectionEnabled":true,"locationContextEnabled":false,"warnings":{},"desired":{"platformName":"ANDROID","deviceName":"Pixel 4 API 33","automationName":"UIAutomator2","app":"C:\\Users\\user1\\eclipse-workspace\\AppiumFrameworkDesign\\src\\test\\java\\org\\appiumpractise\\TestResources\\General-Store.apk"},"deviceUDID":"emulator-5554","appPackage":"com.androidsample.generalstore"}],"alwaysMatch":{}}}
&amp#27;[38;5;32m[AndroidUiautomator2Driver@c8ba (97e05545)]&amp#27;[0m Got response with status 200: {"sessionId":"c28e071d-188f-41a9-a089-67a347e08497","value":{"capabilities":{"firstMatch":[{"platformName":"ANDROID","deviceName":"emulator-5554","automationName":"UIAutomator2","app":"C:\\Users\\user1\\eclipse-workspace\\AppiumFrameworkDesign\\src\\test\\java\\org\\appiumpractise\\TestResources\\General-Store.apk","platform":"LINUX","webStorageEnabled":false,"takesScreenshot":true,"javascriptEnabled":true,"databaseEnabled":false,"networkConnectionEnabled":true,"locationContextEnabled":false,"warnings":{},"desired":{"platformName":"ANDROID","deviceName":"Pixel 4 API 33","automationName":"UIAutomator2","app":"C:\\Users\\user1\\eclipse-workspace\\AppiumFrameworkDesign\\src\\test\\java\\org\\appiumpractise\\TestResources\\General-Store.apk"},"deviceUDID":"emulator-5554","appPackage":"com.androidsample.generalstore"}],"alwaysMatch":{}},"sessionId":"c28e071d-188f-41a9-a089-67a347e08497"}}
&amp#27;[38;5;32m[AndroidUiautomator2Driver@c8ba (97e05545)]&amp#27;[0m Determined the downstream protocol as 'W3C'
&amp#27;[38;5;32m[AndroidUiautomator2Driver@c8ba (97e05545)]&amp#27;[0m Proxying [GET /appium/device/pixel_ratio] to [GET http://127.0.0.1:8201/session/c28e071d-188f-41a9-a089-67a347e08497/appium/device/pixel_ratio] with no body
&amp#27;[38;5;32m[AndroidUiautomator2Driver@c8ba (97e05545)]&amp#27;[0m Matched '/appium/device/system_bars' to command name 'getSystemBars'
&amp#27;[38;5;32m[AndroidUiautomator2Driver@c8ba (97e05545)]&amp#27;[0m Proxying [GET /appium/device/system_bars] to [GET http://127.0.0.1:8201/session/c28e071d-188f-41a9-a089-67a347e08497/appium/device/system_bars] with no body
&amp#27;[38;5;32m[AndroidUiautomator2Driver@c8ba (97e05545)]&amp#27;[0m Matched '/window/current/size' to command name 'getWindowSize'
&amp#27;[38;5;32m[AndroidUiautomator2Driver@c8ba (97e05545)]&amp#27;[0m Proxying [GET /window/current/size] to [GET http://127.0.0.1:8201/session/c28e071d-188f-41a9-a089-67a347e08497/window/current/size] with no body
&amp#27;[38;5;32m[AndroidUiautomator2Driver@c8ba (97e05545)]&amp#27;[0m Proxying [GET /appium/device/info] to [GET http://127.0.0.1:8201/session/c28e071d-188f-41a9-a089-67a347e08497/appium/device/info] with no body
&amp#27;[38;5;48m[ADB]&amp#27;[0m Running 'C:\Users\user1\AppData\Local\Android\Sdk\platform-tools\adb.exe -P 5037 -s emulator-5554 shell dumpsys window'
&amp#27;[38;5;48m[ADB]&amp#27;[0m Running 'C:\Users\user1\AppData\Local\Android\Sdk\platform-tools\adb.exe -P 5037 -s emulator-5554 shell dumpsys power'
&amp#27;[38;5;32m[AndroidUiautomator2Driver@c8ba (97e05545)]&amp#27;[0m Got response with status 200: {"sessionId":"c28e071d-188f-41a9-a089-67a347e08497","value":2.75}
&amp#27;[38;5;32m[AndroidUiautomator2Driver@c8ba (97e05545)]&amp#27;[0m Got response with status 200: {"sessionId":"c28e071d-188f-41a9-a089-67a347e08497","value":{"height":2280,"width":1080}}
&amp#27;[38;5;32m[AndroidUiautomator2Driver@c8ba (97e05545)]&amp#27;[0m Got response with status 200: {"sessionId":"c28e071d-188f-41a9-a089-67a347e08497","value":{"statusBar":83}}
&amp#27;[38;5;32m[AndroidUiautomator2Driver@c8ba (97e05545)]&amp#27;[0m Got response with status 200: {"sessionId":"c28e071d-188f-41a9-a089-67a347e08497","value":{"androidId":"5d6267c22d18b10b","apiVersion":"33","bluetooth":{"state":"ON"},"brand":"google","carrierName":"T-Mobile","displayDensity":440,"locale":"en_US","manufacturer":"Google","model":"sdk_gphone64_x86_64","networks":[{"capabilities":{"SSID":null,"linkDownBandwidthKbps":30000,"linkUpstreamBandwidthKbps":12000,"networkCapabilities":"NET_CAPABILITY_NOT_METERED,NET_CAPABILITY_INTERNET,NET_CAPABILITY_NOT_RESTRICTED,NET_CAPABILITY_TRUSTED,NET_CAPABILITY_NOT_VPN,NET_CAPABILITY_VALIDATED,NET_CAPABILITY_NOT_ROAMING,NET_CAPABILITY_FOREGROUND,NET_CAPABILITY_NOT_CONGESTED,NET_CAPABILITY_NOT_SUSPENDED","signalStrength":-50,"transportTypes":"TRANSPORT_WIFI"},"detailedState":"CONNECTED","extraInfo":"","isAvailable":true,"isConnected":true,"isFailover":false,"isRoaming":false,"state":"CONNECTED","subtype":-1,"subtypeName":"","type":1,"typeName":"WIFI"},{"capabilities":{"SSID":null,"linkDownBandwidthKbps":145000,"linkUpstreamBandwidthKbps":60000,"networkCapa...
&amp#27;[38;5;32m[AndroidUiautomator2Driver@c8ba (97e05545)]&amp#27;[0m Screen is locked, trying to unlock
&amp#27;[38;5;32m[AndroidUiautomator2Driver@c8ba (97e05545)]&amp#27;[0m Neither 'unlockType' nor 'unlockKey' capability is provided. Assuming the device is locked with a simple lock screen.
&amp#27;[38;5;48m[ADB]&amp#27;[0m Waking up the device to dismiss the keyguard
&amp#27;[38;5;48m[ADB]&amp#27;[0m Running 'C:\Users\user1\AppData\Local\Android\Sdk\platform-tools\adb.exe -P 5037 -s emulator-5554 shell input keyevent 26'
&amp#27;[38;5;48m[ADB]&amp#27;[0m Running 'C:\Users\user1\AppData\Local\Android\Sdk\platform-tools\adb.exe -P 5037 -s emulator-5554 shell input keyevent 224'
&amp#27;[38;5;48m[ADB]&amp#27;[0m Running 'C:\Users\user1\AppData\Local\Android\Sdk\platform-tools\adb.exe -P 5037 -s emulator-5554 shell wm dismiss-keyguard'
&amp#27;[38;5;32m[AndroidUiautomator2Driver@c8ba (97e05545)]&amp#27;[0m Starting 'com.androidsample.generalstore/com.androidsample.generalstore.SplashActivity and waiting for 'com.androidsample.generalstore/com.androidsample.generalstore.SplashActivity'
&amp#27;[38;5;48m[ADB]&amp#27;[0m Running 'C:\Users\user1\AppData\Local\Android\Sdk\platform-tools\adb.exe -P 5037 -s emulator-5554 shell am start -W -n com.androidsample.generalstore/com.androidsample.generalstore.SplashActivity -S -a android.intent.action.MAIN -c android.intent.category.LAUNCHER -f 0x10200000'
&amp#27;[38;5;48m[ADB]&amp#27;[0m Waiting up to 20000ms for activity matching pkg: 'com.androidsample.generalstore' and activity: 'com.androidsample.generalstore.SplashActivity' to be focused
&amp#27;[38;5;48m[ADB]&amp#27;[0m Possible activities, to be checked: 'com.androidsample.generalstore.SplashActivity', 'com.androidsample.generalstore.com.androidsample.generalstore.SplashActivity'
&amp#27;[38;5;48m[ADB]&amp#27;[0m Getting focused package and activity
&amp#27;[38;5;48m[ADB]&amp#27;[0m Running 'C:\Users\user1\AppData\Local\Android\Sdk\platform-tools\adb.exe -P 5037 -s emulator-5554 shell dumpsys window displays'
&amp#27;[38;5;48m[ADB]&amp#27;[0m Found package: 'com.androidsample.generalstore' and fully qualified activity name : 'com.androidsample.generalstore.SplashActivity'
&amp#27;[38;5;16m[AppiumDriver@2009]&amp#27;[0m New AndroidUiautomator2Driver session created successfully, session 97e05545-8943-43c6-b150-6f91fc2b2087 added to master session list
&amp#27;[38;5;16m[AppiumDriver@2009]&amp#27;[0m Event 'newSessionStarted' logged at 1719729525502 (12:08:45 GMT+0530 (India Standard Time))
&amp#27;[38;5;32m[AndroidUiautomator2Driver@c8ba (97e05545)]&amp#27;[0m Cached the protocol value 'W3C' for the new session 97e05545-8943-43c6-b150-6f91fc2b2087
&amp#27;[38;5;32m[AndroidUiautomator2Driver@c8ba (97e05545)]&amp#27;[0m Responding to client with driver.createSession() result: {"capabilities":{"platformName":"ANDROID","deviceName":"emulator-5554","automationName":"UIAutomator2","app":"C:\\Users\\user1\\eclipse-workspace\\AppiumFrameworkDesign\\src\\test\\java\\org\\appiumpractise\\TestResources\\General-Store.apk","platform":"LINUX","webStorageEnabled":false,"takesScreenshot":true,"javascriptEnabled":true,"databaseEnabled":false,"networkConnectionEnabled":true,"locationContextEnabled":false,"warnings":{},"desired":{"platformName":"ANDROID","deviceName":"Pixel 4 API 33","automationName":"UIAutomator2","app":"C:\\Users\\user1\\eclipse-workspace\\AppiumFrameworkDesign\\src\\test\\java\\org\\appiumpractise\\TestResources\\General-Store.apk"},"deviceUDID":"emulator-5554","appPackage":"com.androidsample.generalstore","pixelRatio":"2.75","statBarHeight":83,"viewportRect":{"left":0,"top":83,"width":1080,"height":2197},"deviceApiLevel":33,"platformVersion":"13","deviceManufacturer":"Google","deviceModel":"sdk_gphone64_x86_64","deviceScreenSize":"1080x2280","deviceScreenDensity":440}}
&amp#27;[38;5;0m[HTTP]&amp#27;[0m &amp#27;[37m<-- POST /session &amp#27;[39m&amp#27;[32m200&amp#27;[39m &amp#27;[90m28849 ms - 1078&amp#27;[39m
&amp#27;[38;5;0m[HTTP]&amp#27;[0m &amp#27;[90m&amp#27;[39m
&amp#27;[38;5;0m[HTTP]&amp#27;[0m &amp#27;[37m-->&amp#27;[39m &amp#27;[37mPOST&amp#27;[39m &amp#27;[37m/session/97e05545-8943-43c6-b150-6f91fc2b2087/timeouts&amp#27;[39m
&amp#27;[38;5;0m[HTTP]&amp#27;[0m &amp#27;[90m{"implicit":10000}&amp#27;[39m
&amp#27;[38;5;32m[AndroidUiautomator2Driver@c8ba (97e05545)]&amp#27;[0m Calling AppiumDriver.timeouts() with args: [null,null,null,null,10000,"97e05545-8943-43c6-b150-6f91fc2b2087"]
&amp#27;[38;5;32m[AndroidUiautomator2Driver@c8ba (97e05545)]&amp#27;[0m W3C timeout argument: {"implicit":10000}}
&amp#27;[38;5;32m[AndroidUiautomator2Driver@c8ba (97e05545)]&amp#27;[0m Set implicit wait to 10000ms
&amp#27;[38;5;32m[AndroidUiautomator2Driver@c8ba (97e05545)]&amp#27;[0m Responding to client with driver.timeouts() result: null
&amp#27;[38;5;0m[HTTP]&amp#27;[0m &amp#27;[37m<-- POST /session/97e05545-8943-43c6-b150-6f91fc2b2087/timeouts &amp#27;[39m&amp#27;[32m200&amp#27;[39m &amp#27;[90m22 ms - 14&amp#27;[39m
&amp#27;[38;5;0m[HTTP]&amp#27;[0m &amp#27;[90m&amp#27;[39m
&amp#27;[38;5;0m[HTTP]&amp#27;[0m &amp#27;[37m-->&amp#27;[39m &amp#27;[37mPOST&amp#27;[39m &amp#27;[37m/session/97e05545-8943-43c6-b150-6f91fc2b2087/back&amp#27;[39m
&amp#27;[38;5;0m[HTTP]&amp#27;[0m &amp#27;[90m{}&amp#27;[39m
&amp#27;[38;5;32m[AndroidUiautomator2Driver@c8ba (97e05545)]&amp#27;[0m Driver proxy active, passing request on via HTTP proxy
&amp#27;[38;5;32m[AndroidUiautomator2Driver@c8ba (97e05545)]&amp#27;[0m Matched '/session/97e05545-8943-43c6-b150-6f91fc2b2087/back' to command name 'back'
&amp#27;[38;5;32m[AndroidUiautomator2Driver@c8ba (97e05545)]&amp#27;[0m Proxying [POST /session/97e05545-8943-43c6-b150-6f91fc2b2087/back] to [POST http://127.0.0.1:8201/session/c28e071d-188f-41a9-a089-67a347e08497/back] with body: {}
&amp#27;[38;5;32m[AndroidUiautomator2Driver@c8ba (97e05545)]&amp#27;[0m Got response with status 200: {"sessionId":"c28e071d-188f-41a9-a089-67a347e08497","value":null}
&amp#27;[38;5;32m[AndroidUiautomator2Driver@c8ba (97e05545)]&amp#27;[0m Replacing sessionId c28e071d-188f-41a9-a089-67a347e08497 with 97e05545-8943-43c6-b150-6f91fc2b2087
&amp#27;[38;5;0m[HTTP]&amp#27;[0m &amp#27;[37m<-- POST /session/97e05545-8943-43c6-b150-6f91fc2b2087/back &amp#27;[39m&amp#27;[32m200&amp#27;[39m &amp#27;[90m1399 ms - 65&amp#27;[39m
&amp#27;[38;5;0m[HTTP]&amp#27;[0m &amp#27;[90m&amp#27;[39m
&amp#27;[38;5;0m[HTTP]&amp#27;[0m &amp#27;[37m-->&amp#27;[39m &amp#27;[37mGET&amp#27;[39m &amp#27;[37m/session/97e05545-8943-43c6-b150-6f91fc2b2087/context&amp#27;[39m
&amp#27;[38;5;0m[HTTP]&amp#27;[0m &amp#27;[90m{}&amp#27;[39m
&amp#27;[38;5;32m[AndroidUiautomator2Driver@c8ba (97e05545)]&amp#27;[0m Calling AppiumDriver.getCurrentContext() with args: ["97e05545-8943-43c6-b150-6f91fc2b2087"]
&amp#27;[38;5;32m[AndroidUiautomator2Driver@c8ba (97e05545)]&amp#27;[0m Responding to client with driver.getCurrentContext() result: "NATIVE_APP"
&amp#27;[38;5;0m[HTTP]&amp#27;[0m &amp#27;[37m<-- GET /session/97e05545-8943-43c6-b150-6f91fc2b2087/context &amp#27;[39m&amp#27;[32m200&amp#27;[39m &amp#27;[90m30 ms - 22&amp#27;[39m
&amp#27;[38;5;0m[HTTP]&amp#27;[0m &amp#27;[90m&amp#27;[39m
&amp#27;[38;5;0m[HTTP]&amp#27;[0m &amp#27;[37m-->&amp#27;[39m &amp#27;[37mPOST&amp#27;[39m &amp#27;[37m/session/97e05545-8943-43c6-b150-6f91fc2b2087/element&amp#27;[39m
&amp#27;[38;5;0m[HTTP]&amp#27;[0m &amp#27;[90m{"value":"com.androidsample.generalstore:id/spinnerCountry","using":"id"}&amp#27;[39m
&amp#27;[38;5;32m[AndroidUiautomator2Driver@c8ba (97e05545)]&amp#27;[0m Calling AppiumDriver.findElement() with args: ["id","com.androidsample.generalstore:id/spinnerCountry","97e05545-8943-43c6-b150-6f91fc2b2087"]
&amp#27;[38;5;32m[AndroidUiautomator2Driver@c8ba (97e05545)]&amp#27;[0m Valid locator strategies for this request: xpath, id, class name, accessibility id, css selector, -android uiautomator
&amp#27;[38;5;32m[AndroidUiautomator2Driver@c8ba (97e05545)]&amp#27;[0m Waiting up to 10000 ms for condition
&amp#27;[38;5;32m[AndroidUiautomator2Driver@c8ba (97e05545)]&amp#27;[0m Matched '/element' to command name 'findElement'
&amp#27;[38;5;32m[AndroidUiautomator2Driver@c8ba (97e05545)]&amp#27;[0m Proxying [POST /element] to [POST http://127.0.0.1:8201/session/c28e071d-188f-41a9-a089-67a347e08497/element] with body: {"strategy":"id","selector":"com.androidsample.generalstore:id/spinnerCountry","context":"","multiple":false}
&amp#27;[38;5;32m[AndroidUiautomator2Driver@c8ba (97e05545)]&amp#27;[0m Got response with status 200: {"sessionId":"c28e071d-188f-41a9-a089-67a347e08497","value":{"ELEMENT":"00000000-0000-0185-ffff-ffff0000001a","element-6066-11e4-a52e-4f735466cecf":"00000000-0000-0185-ffff-ffff0000001a"}}
&amp#27;[38;5;32m[AndroidUiautomator2Driver@c8ba (97e05545)]&amp#27;[0m Responding to client with driver.findElement() result: {"element-6066-11e4-a52e-4f735466cecf":"00000000-0000-0185-ffff-ffff0000001a","ELEMENT":"00000000-0000-0185-ffff-ffff0000001a"}
&amp#27;[38;5;0m[HTTP]&amp#27;[0m &amp#27;[37m<-- POST /session/97e05545-8943-43c6-b150-6f91fc2b2087/element &amp#27;[39m&amp#27;[32m200&amp#27;[39m &amp#27;[90m310 ms - 137&amp#27;[39m
&amp#27;[38;5;0m[HTTP]&amp#27;[0m &amp#27;[90m&amp#27;[39m
&amp#27;[38;5;0m[HTTP]&amp#27;[0m &amp#27;[37m-->&amp#27;[39m &amp#27;[37mPOST&amp#27;[39m &amp#27;[37m/session/97e05545-8943-43c6-b150-6f91fc2b2087/element/00000000-0000-0185-ffff-ffff0000001a/click&amp#27;[39m
&amp#27;[38;5;0m[HTTP]&amp#27;[0m &amp#27;[90m{"id":"00000000-0000-0185-ffff-ffff0000001a"}&amp#27;[39m
&amp#27;[38;5;32m[AndroidUiautomator2Driver@c8ba (97e05545)]&amp#27;[0m Calling AppiumDriver.click() with args: ["00000000-0000-0185-ffff-ffff0000001a","97e05545-8943-43c6-b150-6f91fc2b2087"]
&amp#27;[38;5;32m[AndroidUiautomator2Driver@c8ba (97e05545)]&amp#27;[0m Matched '/element/00000000-0000-0185-ffff-ffff0000001a/click' to command name 'click'
&amp#27;[38;5;32m[AndroidUiautomator2Driver@c8ba (97e05545)]&amp#27;[0m Proxying [POST /element/00000000-0000-0185-ffff-ffff0000001a/click] to [POST http://127.0.0.1:8201/session/c28e071d-188f-41a9-a089-67a347e08497/element/00000000-0000-0185-ffff-ffff0000001a/click] with body: {"element":"00000000-0000-0185-ffff-ffff0000001a"}
&amp#27;[38;5;32m[AndroidUiautomator2Driver@c8ba (97e05545)]&amp#27;[0m Got response with status 200: {"sessionId":"c28e071d-188f-41a9-a089-67a347e08497","value":null}
&amp#27;[38;5;32m[AndroidUiautomator2Driver@c8ba (97e05545)]&amp#27;[0m Responding to client with driver.click() result: null
&amp#27;[38;5;0m[HTTP]&amp#27;[0m &amp#27;[37m<-- POST /session/97e05545-8943-43c6-b150-6f91fc2b2087/element/00000000-0000-0185-ffff-ffff0000001a/click &amp#27;[39m&amp#27;[32m200&amp#27;[39m &amp#27;[90m225 ms - 14&amp#27;[39m
&amp#27;[38;5;0m[HTTP]&amp#27;[0m &amp#27;[90m&amp#27;[39m
&amp#27;[38;5;0m[HTTP]&amp#27;[0m &amp#27;[37m-->&amp#27;[39m &amp#27;[37mPOST&amp#27;[39m &amp#27;[37m/session/97e05545-8943-43c6-b150-6f91fc2b2087/element&amp#27;[39m
&amp#27;[38;5;0m[HTTP]&amp#27;[0m &amp#27;[90m{"value":"new UiScrollable(new UiSelector()).scrollIntoView(text(\"Argentina\"));","using":"-android uiautomator"}&amp#27;[39m
&amp#27;[38;5;32m[AndroidUiautomator2Driver@c8ba (97e05545)]&amp#27;[0m Calling AppiumDriver.findElement() with args: ["-android uiautomator","new UiScrollable(new UiSelector()).scrollIntoView(text(\"Argentina\"));","97e05545-8943-43c6-b150-6f91fc2b2087"]
&amp#27;[38;5;32m[AndroidUiautomator2Driver@c8ba (97e05545)]&amp#27;[0m Valid locator strategies for this request: xpath, id, class name, accessibility id, css selector, -android uiautomator
&amp#27;[38;5;32m[AndroidUiautomator2Driver@c8ba (97e05545)]&amp#27;[0m Waiting up to 10000 ms for condition
&amp#27;[38;5;32m[AndroidUiautomator2Driver@c8ba (97e05545)]&amp#27;[0m Matched '/element' to command name 'findElement'
&amp#27;[38;5;32m[AndroidUiautomator2Driver@c8ba (97e05545)]&amp#27;[0m Proxying [POST /element] to [POST http://127.0.0.1:8201/session/c28e071d-188f-41a9-a089-67a347e08497/element] with body: {"strategy":"-android uiautomator","selector":"new UiScrollable(new UiSelector()).scrollIntoView(text(\"Argentina\"));","context":"","multiple":false}
&amp#27;[38;5;32m[AndroidUiautomator2Driver@c8ba (97e05545)]&amp#27;[0m Got response with status 200: {"sessionId":"c28e071d-188f-41a9-a089-67a347e08497","value":{"ELEMENT":"00000000-0000-0187-ffff-ffff00000035","element-6066-11e4-a52e-4f735466cecf":"00000000-0000-0187-ffff-ffff00000035"}}
&amp#27;[38;5;32m[AndroidUiautomator2Driver@c8ba (97e05545)]&amp#27;[0m Responding to client with driver.findElement() result: {"element-6066-11e4-a52e-4f735466cecf":"00000000-0000-0187-ffff-ffff00000035","ELEMENT":"00000000-0000-0187-ffff-ffff00000035"}
&amp#27;[38;5;0m[HTTP]&amp#27;[0m &amp#27;[37m<-- POST /session/97e05545-8943-43c6-b150-6f91fc2b2087/element &amp#27;[39m&amp#27;[32m200&amp#27;[39m &amp#27;[90m8542 ms - 137&amp#27;[39m
&amp#27;[38;5;0m[HTTP]&amp#27;[0m &amp#27;[90m&amp#27;[39m
&amp#27;[38;5;0m[HTTP]&amp#27;[0m &amp#27;[37m-->&amp#27;[39m &amp#27;[37mPOST&amp#27;[39m &amp#27;[37m/session/97e05545-8943-43c6-b150-6f91fc2b2087/element&amp#27;[39m
&amp#27;[38;5;0m[HTTP]&amp#27;[0m &amp#27;[90m{"value":"//android.widget.TextView[@text='Argentina']","using":"xpath"}&amp#27;[39m
&amp#27;[38;5;32m[AndroidUiautomator2Driver@c8ba (97e05545)]&amp#27;[0m Calling AppiumDriver.findElement() with args: ["xpath","//android.widget.TextView[@text='Argentina']","97e05545-8943-43c6-b150-6f91fc2b2087"]
&amp#27;[38;5;32m[AndroidUiautomator2Driver@c8ba (97e05545)]&amp#27;[0m Valid locator strategies for this request: xpath, id, class name, accessibility id, css selector, -android uiautomator
&amp#27;[38;5;32m[AndroidUiautomator2Driver@c8ba (97e05545)]&amp#27;[0m Waiting up to 10000 ms for condition
&amp#27;[38;5;32m[AndroidUiautomator2Driver@c8ba (97e05545)]&amp#27;[0m Matched '/element' to command name 'findElement'
&amp#27;[38;5;32m[AndroidUiautomator2Driver@c8ba (97e05545)]&amp#27;[0m Proxying [POST /element] to [POST http://127.0.0.1:8201/session/c28e071d-188f-41a9-a089-67a347e08497/element] with body: {"strategy":"xpath","selector":"//android.widget.TextView[@text='Argentina']","context":"","multiple":false}
&amp#27;[38;5;32m[AndroidUiautomator2Driver@c8ba (97e05545)]&amp#27;[0m Got response with status 200: {"sessionId":"c28e071d-188f-41a9-a089-67a347e08497","value":{"ELEMENT":"00000000-0000-0187-ffff-ffff00000035","element-6066-11e4-a52e-4f735466cecf":"00000000-0000-0187-ffff-ffff00000035"}}
&amp#27;[38;5;32m[AndroidUiautomator2Driver@c8ba (97e05545)]&amp#27;[0m Responding to client with driver.findElement() result: {"element-6066-11e4-a52e-4f735466cecf":"00000000-0000-0187-ffff-ffff00000035","ELEMENT":"00000000-0000-0187-ffff-ffff00000035"}
&amp#27;[38;5;0m[HTTP]&amp#27;[0m &amp#27;[37m<-- POST /session/97e05545-8943-43c6-b150-6f91fc2b2087/element &amp#27;[39m&amp#27;[32m200&amp#27;[39m &amp#27;[90m4156 ms - 137&amp#27;[39m
&amp#27;[38;5;0m[HTTP]&amp#27;[0m &amp#27;[90m&amp#27;[39m
&amp#27;[38;5;0m[HTTP]&amp#27;[0m &amp#27;[37m-->&amp#27;[39m &amp#27;[37mPOST&amp#27;[39m &amp#27;[37m/session/97e05545-8943-43c6-b150-6f91fc2b2087/element/00000000-0000-0187-ffff-ffff00000035/click&amp#27;[39m
&amp#27;[38;5;0m[HTTP]&amp#27;[0m &amp#27;[90m{"id":"00000000-0000-0187-ffff-ffff00000035"}&amp#27;[39m
&amp#27;[38;5;32m[AndroidUiautomator2Driver@c8ba (97e05545)]&amp#27;[0m Calling AppiumDriver.click() with args: ["00000000-0000-0187-ffff-ffff00000035","97e05545-8943-43c6-b150-6f91fc2b2087"]
&amp#27;[38;5;32m[AndroidUiautomator2Driver@c8ba (97e05545)]&amp#27;[0m Matched '/element/00000000-0000-0187-ffff-ffff00000035/click' to command name 'click'
&amp#27;[38;5;32m[AndroidUiautomator2Driver@c8ba (97e05545)]&amp#27;[0m Proxying [POST /element/00000000-0000-0187-ffff-ffff00000035/click] to [POST http://127.0.0.1:8201/session/c28e071d-188f-41a9-a089-67a347e08497/element/00000000-0000-0187-ffff-ffff00000035/click] with body: {"element":"00000000-0000-0187-ffff-ffff00000035"}
&amp#27;[38;5;32m[AndroidUiautomator2Driver@c8ba (97e05545)]&amp#27;[0m Got response with status 200: {"sessionId":"c28e071d-188f-41a9-a089-67a347e08497","value":null}
&amp#27;[38;5;32m[AndroidUiautomator2Driver@c8ba (97e05545)]&amp#27;[0m Responding to client with driver.click() result: null
&amp#27;[38;5;0m[HTTP]&amp#27;[0m &amp#27;[37m<-- POST /session/97e05545-8943-43c6-b150-6f91fc2b2087/element/00000000-0000-0187-ffff-ffff00000035/click &amp#27;[39m&amp#27;[32m200&amp#27;[39m &amp#27;[90m1609 ms - 14&amp#27;[39m
&amp#27;[38;5;0m[HTTP]&amp#27;[0m &amp#27;[90m&amp#27;[39m
&amp#27;[38;5;0m[HTTP]&amp#27;[0m &amp#27;[37m-->&amp#27;[39m &amp#27;[37mGET&amp#27;[39m &amp#27;[37m/session/97e05545-8943-43c6-b150-6f91fc2b2087/context&amp#27;[39m
&amp#27;[38;5;0m[HTTP]&amp#27;[0m &amp#27;[90m{}&amp#27;[39m
&amp#27;[38;5;32m[AndroidUiautomator2Driver@c8ba (97e05545)]&amp#27;[0m Calling AppiumDriver.getCurrentContext() with args: ["97e05545-8943-43c6-b150-6f91fc2b2087"]
&amp#27;[38;5;32m[AndroidUiautomator2Driver@c8ba (97e05545)]&amp#27;[0m Responding to client with driver.getCurrentContext() result: "NATIVE_APP"
&amp#27;[38;5;0m[HTTP]&amp#27;[0m &amp#27;[37m<-- GET /session/97e05545-8943-43c6-b150-6f91fc2b2087/context &amp#27;[39m&amp#27;[32m200&amp#27;[39m &amp#27;[90m17 ms - 22&amp#27;[39m
&amp#27;[38;5;0m[HTTP]&amp#27;[0m &amp#27;[90m&amp#27;[39m
&amp#27;[38;5;0m[HTTP]&amp#27;[0m &amp#27;[37m-->&amp#27;[39m &amp#27;[37mPOST&amp#27;[39m &amp#27;[37m/session/97e05545-8943-43c6-b150-6f91fc2b2087/element&amp#27;[39m
&amp#27;[38;5;0m[HTTP]&amp#27;[0m &amp#27;[90m{"value":"com.androidsample.generalstore:id/nameField","using":"id"}&amp#27;[39m
&amp#27;[38;5;32m[AndroidUiautomator2Driver@c8ba (97e05545)]&amp#27;[0m Calling AppiumDriver.findElement() with args: ["id","com.androidsample.generalstore:id/nameField","97e05545-8943-43c6-b150-6f91fc2b2087"]
&amp#27;[38;5;32m[AndroidUiautomator2Driver@c8ba (97e05545)]&amp#27;[0m Valid locator strategies for this request: xpath, id, class name, accessibility id, css selector, -android uiautomator
&amp#27;[38;5;32m[AndroidUiautomator2Driver@c8ba (97e05545)]&amp#27;[0m Waiting up to 10000 ms for condition
&amp#27;[38;5;32m[AndroidUiautomator2Driver@c8ba (97e05545)]&amp#27;[0m Matched '/element' to command name 'findElement'
&amp#27;[38;5;32m[AndroidUiautomator2Driver@c8ba (97e05545)]&amp#27;[0m Proxying [POST /element] to [POST http://127.0.0.1:8201/session/c28e071d-188f-41a9-a089-67a347e08497/element] with body: {"strategy":"id","selector":"com.androidsample.generalstore:id/nameField","context":"","multiple":false}
&amp#27;[38;5;32m[AndroidUiautomator2Driver@c8ba (97e05545)]&amp#27;[0m Got response with status 200: {"sessionId":"c28e071d-188f-41a9-a089-67a347e08497","value":{"ELEMENT":"00000000-0000-0185-ffff-ffff0000001c","element-6066-11e4-a52e-4f735466cecf":"00000000-0000-0185-ffff-ffff0000001c"}}
&amp#27;[38;5;32m[AndroidUiautomator2Driver@c8ba (97e05545)]&amp#27;[0m Responding to client with driver.findElement() result: {"element-6066-11e4-a52e-4f735466cecf":"00000000-0000-0185-ffff-ffff0000001c","ELEMENT":"00000000-0000-0185-ffff-ffff0000001c"}
&amp#27;[38;5;0m[HTTP]&amp#27;[0m &amp#27;[37m<-- POST /session/97e05545-8943-43c6-b150-6f91fc2b2087/element &amp#27;[39m&amp#27;[32m200&amp#27;[39m &amp#27;[90m176 ms - 137&amp#27;[39m
&amp#27;[38;5;0m[HTTP]&amp#27;[0m &amp#27;[90m&amp#27;[39m
&amp#27;[38;5;0m[HTTP]&amp#27;[0m &amp#27;[37m-->&amp#27;[39m &amp#27;[37mPOST&amp#27;[39m &amp#27;[37m/session/97e05545-8943-43c6-b150-6f91fc2b2087/element/00000000-0000-0185-ffff-ffff0000001c/value&amp#27;[39m
&amp#27;[38;5;0m[HTTP]&amp#27;[0m &amp#27;[90m{"text":"Hannah Mckay","id":"00000000-0000-0185-ffff-ffff0000001c","value":["H","a","n","n","a","h"," ","M","c","k","a","y"]}&amp#27;[39m
&amp#27;[38;5;32m[AndroidUiautomator2Driver@c8ba (97e05545)]&amp#27;[0m Calling AppiumDriver.setValue() with args: [["H","a","n","n","a","h"," ","M","c","k","a","y"],"00000000-0000-0185-ffff-ffff0000001c","97e05545-8943-43c6-b150-6f91fc2b2087"]
&amp#27;[38;5;32m[AndroidUiautomator2Driver@c8ba (97e05545)]&amp#27;[0m Matched '/element/00000000-0000-0185-ffff-ffff0000001c/value' to command name 'setValue'
&amp#27;[38;5;32m[AndroidUiautomator2Driver@c8ba (97e05545)]&amp#27;[0m Added 'value' property ["H","a","n","n","a","h"," ","M","c","k","a","y"] to 'setValue' request body
&amp#27;[38;5;32m[AndroidUiautomator2Driver@c8ba (97e05545)]&amp#27;[0m Proxying [POST /element/00000000-0000-0185-ffff-ffff0000001c/value] to [POST http://127.0.0.1:8201/session/c28e071d-188f-41a9-a089-67a347e08497/element/00000000-0000-0185-ffff-ffff0000001c/value] with body: {"elementId":"00000000-0000-0185-ffff-ffff0000001c","text":"Hannah Mckay","replace":false,"value":["H","a","n","n","a","h"," ","M","c","k","a","y"]}
&amp#27;[38;5;32m[AndroidUiautomator2Driver@c8ba (97e05545)]&amp#27;[0m Got response with status 200: {"sessionId":"c28e071d-188f-41a9-a089-67a347e08497","value":null}
&amp#27;[38;5;32m[AndroidUiautomator2Driver@c8ba (97e05545)]&amp#27;[0m Responding to client with driver.setValue() result: null
&amp#27;[38;5;0m[HTTP]&amp#27;[0m &amp#27;[37m<-- POST /session/97e05545-8943-43c6-b150-6f91fc2b2087/element/00000000-0000-0185-ffff-ffff0000001c/value &amp#27;[39m&amp#27;[32m200&amp#27;[39m &amp#27;[90m710 ms - 14&amp#27;[39m
&amp#27;[38;5;0m[HTTP]&amp#27;[0m &amp#27;[90m&amp#27;[39m
&amp#27;[38;5;0m[HTTP]&amp#27;[0m &amp#27;[37m-->&amp#27;[39m &amp#27;[37mGET&amp#27;[39m &amp#27;[37m/session/97e05545-8943-43c6-b150-6f91fc2b2087/context&amp#27;[39m
&amp#27;[38;5;0m[HTTP]&amp#27;[0m &amp#27;[90m{}&amp#27;[39m
&amp#27;[38;5;32m[AndroidUiautomator2Driver@c8ba (97e05545)]&amp#27;[0m Calling AppiumDriver.getCurrentContext() with args: ["97e05545-8943-43c6-b150-6f91fc2b2087"]
&amp#27;[38;5;32m[AndroidUiautomator2Driver@c8ba (97e05545)]&amp#27;[0m Responding to client with driver.getCurrentContext() result: "NATIVE_APP"
&amp#27;[38;5;0m[HTTP]&amp#27;[0m &amp#27;[37m<-- GET /session/97e05545-8943-43c6-b150-6f91fc2b2087/context &amp#27;[39m&amp#27;[32m200&amp#27;[39m &amp#27;[90m7 ms - 22&amp#27;[39m
&amp#27;[38;5;0m[HTTP]&amp#27;[0m &amp#27;[90m&amp#27;[39m
&amp#27;[38;5;0m[HTTP]&amp#27;[0m &amp#27;[37m-->&amp#27;[39m &amp#27;[37mPOST&amp#27;[39m &amp#27;[37m/session/97e05545-8943-43c6-b150-6f91fc2b2087/element&amp#27;[39m
&amp#27;[38;5;0m[HTTP]&amp#27;[0m &amp#27;[90m{"value":"com.androidsample.generalstore:id/radioFemale","using":"id"}&amp#27;[39m
&amp#27;[38;5;32m[AndroidUiautomator2Driver@c8ba (97e05545)]&amp#27;[0m Calling AppiumDriver.findElement() with args: ["id","com.androidsample.generalstore:id/radioFemale","97e05545-8943-43c6-b150-6f91fc2b2087"]
&amp#27;[38;5;32m[AndroidUiautomator2Driver@c8ba (97e05545)]&amp#27;[0m Valid locator strategies for this request: xpath, id, class name, accessibility id, css selector, -android uiautomator
&amp#27;[38;5;32m[AndroidUiautomator2Driver@c8ba (97e05545)]&amp#27;[0m Waiting up to 10000 ms for condition
&amp#27;[38;5;32m[AndroidUiautomator2Driver@c8ba (97e05545)]&amp#27;[0m Matched '/element' to command name 'findElement'
&amp#27;[38;5;32m[AndroidUiautomator2Driver@c8ba (97e05545)]&amp#27;[0m Proxying [POST /element] to [POST http://127.0.0.1:8201/session/c28e071d-188f-41a9-a089-67a347e08497/element] with body: {"strategy":"id","selector":"com.androidsample.generalstore:id/radioFemale","context":"","multiple":false}
&amp#27;[38;5;32m[AndroidUiautomator2Driver@c8ba (97e05545)]&amp#27;[0m Got response with status 200: {"sessionId":"c28e071d-188f-41a9-a089-67a347e08497","value":{"ELEMENT":"00000000-0000-0185-ffff-ffff00000020","element-6066-11e4-a52e-4f735466cecf":"00000000-0000-0185-ffff-ffff00000020"}}
&amp#27;[38;5;32m[AndroidUiautomator2Driver@c8ba (97e05545)]&amp#27;[0m Responding to client with driver.findElement() result: {"element-6066-11e4-a52e-4f735466cecf":"00000000-0000-0185-ffff-ffff00000020","ELEMENT":"00000000-0000-0185-ffff-ffff00000020"}
&amp#27;[38;5;0m[HTTP]&amp#27;[0m &amp#27;[37m<-- POST /session/97e05545-8943-43c6-b150-6f91fc2b2087/element &amp#27;[39m&amp#27;[32m200&amp#27;[39m &amp#27;[90m577 ms - 137&amp#27;[39m
&amp#27;[38;5;0m[HTTP]&amp#27;[0m &amp#27;[90m&amp#27;[39m
&amp#27;[38;5;0m[HTTP]&amp#27;[0m &amp#27;[37m-->&amp#27;[39m &amp#27;[37mPOST&amp#27;[39m &amp#27;[37m/session/97e05545-8943-43c6-b150-6f91fc2b2087/element/00000000-0000-0185-ffff-ffff00000020/click&amp#27;[39m
&amp#27;[38;5;0m[HTTP]&amp#27;[0m &amp#27;[90m{"id":"00000000-0000-0185-ffff-ffff00000020"}&amp#27;[39m
&amp#27;[38;5;32m[AndroidUiautomator2Driver@c8ba (97e05545)]&amp#27;[0m Calling AppiumDriver.click() with args: ["00000000-0000-0185-ffff-ffff00000020","97e05545-8943-43c6-b150-6f91fc2b2087"]
&amp#27;[38;5;32m[AndroidUiautomator2Driver@c8ba (97e05545)]&amp#27;[0m Matched '/element/00000000-0000-0185-ffff-ffff00000020/click' to command name 'click'
&amp#27;[38;5;32m[AndroidUiautomator2Driver@c8ba (97e05545)]&amp#27;[0m Proxying [POST /element/00000000-0000-0185-ffff-ffff00000020/click] to [POST http://127.0.0.1:8201/session/c28e071d-188f-41a9-a089-67a347e08497/element/00000000-0000-0185-ffff-ffff00000020/click] with body: {"element":"00000000-0000-0185-ffff-ffff00000020"}
&amp#27;[38;5;32m[AndroidUiautomator2Driver@c8ba (97e05545)]&amp#27;[0m Got response with status 200: {"sessionId":"c28e071d-188f-41a9-a089-67a347e08497","value":null}
&amp#27;[38;5;32m[AndroidUiautomator2Driver@c8ba (97e05545)]&amp#27;[0m Responding to client with driver.click() result: null
&amp#27;[38;5;0m[HTTP]&amp#27;[0m &amp#27;[37m<-- POST /session/97e05545-8943-43c6-b150-6f91fc2b2087/element/00000000-0000-0185-ffff-ffff00000020/click &amp#27;[39m&amp#27;[32m200&amp#27;[39m &amp#27;[90m186 ms - 14&amp#27;[39m
&amp#27;[38;5;0m[HTTP]&amp#27;[0m &amp#27;[90m&amp#27;[39m
&amp#27;[38;5;0m[HTTP]&amp#27;[0m &amp#27;[37m-->&amp#27;[39m &amp#27;[37mGET&amp#27;[39m &amp#27;[37m/session/97e05545-8943-43c6-b150-6f91fc2b2087/context&amp#27;[39m
&amp#27;[38;5;0m[HTTP]&amp#27;[0m &amp#27;[90m{}&amp#27;[39m
&amp#27;[38;5;32m[AndroidUiautomator2Driver@c8ba (97e05545)]&amp#27;[0m Calling AppiumDriver.getCurrentContext() with args: ["97e05545-8943-43c6-b150-6f91fc2b2087"]
&amp#27;[38;5;32m[AndroidUiautomator2Driver@c8ba (97e05545)]&amp#27;[0m Responding to client with driver.getCurrentContext() result: "NATIVE_APP"
&amp#27;[38;5;0m[HTTP]&amp#27;[0m &amp#27;[37m<-- GET /session/97e05545-8943-43c6-b150-6f91fc2b2087/context &amp#27;[39m&amp#27;[32m200&amp#27;[39m &amp#27;[90m9 ms - 22&amp#27;[39m
&amp#27;[38;5;0m[HTTP]&amp#27;[0m &amp#27;[90m&amp#27;[39m
&amp#27;[38;5;0m[HTTP]&amp#27;[0m &amp#27;[37m-->&amp#27;[39m &amp#27;[37mPOST&amp#27;[39m &amp#27;[37m/session/97e05545-8943-43c6-b150-6f91fc2b2087/element&amp#27;[39m
&amp#27;[38;5;0m[HTTP]&amp#27;[0m &amp#27;[90m{"value":"com.androidsample.generalstore:id/btnLetsShop","using":"id"}&amp#27;[39m
&amp#27;[38;5;32m[AndroidUiautomator2Driver@c8ba (97e05545)]&amp#27;[0m Calling AppiumDriver.findElement() with args: ["id","com.androidsample.generalstore:id/btnLetsShop","97e05545-8943-43c6-b150-6f91fc2b2087"]
&amp#27;[38;5;32m[AndroidUiautomator2Driver@c8ba (97e05545)]&amp#27;[0m Valid locator strategies for this request: xpath, id, class name, accessibility id, css selector, -android uiautomator
&amp#27;[38;5;32m[AndroidUiautomator2Driver@c8ba (97e05545)]&amp#27;[0m Waiting up to 10000 ms for condition
&amp#27;[38;5;32m[AndroidUiautomator2Driver@c8ba (97e05545)]&amp#27;[0m Matched '/element' to command name 'findElement'
&amp#27;[38;5;32m[AndroidUiautomator2Driver@c8ba (97e05545)]&amp#27;[0m Proxying [POST /element] to [POST http://127.0.0.1:8201/session/c28e071d-188f-41a9-a089-67a347e08497/element] with body: {"strategy":"id","selector":"com.androidsample.generalstore:id/btnLetsShop","context":"","multiple":false}
&amp#27;[38;5;32m[AndroidUiautomator2Driver@c8ba (97e05545)]&amp#27;[0m Got response with status 200: {"sessionId":"c28e071d-188f-41a9-a089-67a347e08497","value":{"ELEMENT":"00000000-0000-0185-ffff-ffff00000021","element-6066-11e4-a52e-4f735466cecf":"00000000-0000-0185-ffff-ffff00000021"}}
&amp#27;[38;5;32m[AndroidUiautomator2Driver@c8ba (97e05545)]&amp#27;[0m Responding to client with driver.findElement() result: {"element-6066-11e4-a52e-4f735466cecf":"00000000-0000-0185-ffff-ffff00000021","ELEMENT":"00000000-0000-0185-ffff-ffff00000021"}
&amp#27;[38;5;0m[HTTP]&amp#27;[0m &amp#27;[37m<-- POST /session/97e05545-8943-43c6-b150-6f91fc2b2087/element &amp#27;[39m&amp#27;[32m200&amp#27;[39m &amp#27;[90m785 ms - 137&amp#27;[39m
&amp#27;[38;5;0m[HTTP]&amp#27;[0m &amp#27;[90m&amp#27;[39m
&amp#27;[38;5;0m[HTTP]&amp#27;[0m &amp#27;[37m-->&amp#27;[39m &amp#27;[37mPOST&amp#27;[39m &amp#27;[37m/session/97e05545-8943-43c6-b150-6f91fc2b2087/element/00000000-0000-0185-ffff-ffff00000021/click&amp#27;[39m
&amp#27;[38;5;0m[HTTP]&amp#27;[0m &amp#27;[90m{"id":"00000000-0000-0185-ffff-ffff00000021"}&amp#27;[39m
&amp#27;[38;5;32m[AndroidUiautomator2Driver@c8ba (97e05545)]&amp#27;[0m Calling AppiumDriver.click() with args: ["00000000-0000-0185-ffff-ffff00000021","97e05545-8943-43c6-b150-6f91fc2b2087"]
&amp#27;[38;5;32m[AndroidUiautomator2Driver@c8ba (97e05545)]&amp#27;[0m Matched '/element/00000000-0000-0185-ffff-ffff00000021/click' to command name 'click'
&amp#27;[38;5;32m[AndroidUiautomator2Driver@c8ba (97e05545)]&amp#27;[0m Proxying [POST /element/00000000-0000-0185-ffff-ffff00000021/click] to [POST http://127.0.0.1:8201/session/c28e071d-188f-41a9-a089-67a347e08497/element/00000000-0000-0185-ffff-ffff00000021/click] with body: {"element":"00000000-0000-0185-ffff-ffff00000021"}
&amp#27;[38;5;32m[AndroidUiautomator2Driver@c8ba (97e05545)]&amp#27;[0m Got response with status 200: {"sessionId":"c28e071d-188f-41a9-a089-67a347e08497","value":null}
&amp#27;[38;5;32m[AndroidUiautomator2Driver@c8ba (97e05545)]&amp#27;[0m Responding to client with driver.click() result: null
&amp#27;[38;5;0m[HTTP]&amp#27;[0m &amp#27;[37m<-- POST /session/97e05545-8943-43c6-b150-6f91fc2b2087/element/00000000-0000-0185-ffff-ffff00000021/click &amp#27;[39m&amp#27;[32m200&amp#27;[39m &amp#27;[90m229 ms - 14&amp#27;[39m
&amp#27;[38;5;0m[HTTP]&amp#27;[0m &amp#27;[90m&amp#27;[39m
&amp#27;[38;5;0m[HTTP]&amp#27;[0m &amp#27;[37m-->&amp#27;[39m &amp#27;[37mGET&amp#27;[39m &amp#27;[37m/session/97e05545-8943-43c6-b150-6f91fc2b2087/context&amp#27;[39m
&amp#27;[38;5;0m[HTTP]&amp#27;[0m &amp#27;[90m{}&amp#27;[39m
&amp#27;[38;5;32m[AndroidUiautomator2Driver@c8ba (97e05545)]&amp#27;[0m Calling AppiumDriver.getCurrentContext() with args: ["97e05545-8943-43c6-b150-6f91fc2b2087"]
&amp#27;[38;5;32m[AndroidUiautomator2Driver@c8ba (97e05545)]&amp#27;[0m Responding to client with driver.getCurrentContext() result: "NATIVE_APP"
&amp#27;[38;5;0m[HTTP]&amp#27;[0m &amp#27;[37m<-- GET /session/97e05545-8943-43c6-b150-6f91fc2b2087/context &amp#27;[39m&amp#27;[32m200&amp#27;[39m &amp#27;[90m5 ms - 22&amp#27;[39m
&amp#27;[38;5;0m[HTTP]&amp#27;[0m &amp#27;[90m&amp#27;[39m
&amp#27;[38;5;0m[HTTP]&amp#27;[0m &amp#27;[37m-->&amp#27;[39m &amp#27;[37mPOST&amp#27;[39m &amp#27;[37m/session/97e05545-8943-43c6-b150-6f91fc2b2087/element&amp#27;[39m
&amp#27;[38;5;0m[HTTP]&amp#27;[0m &amp#27;[90m{"value":"//android.widget.TextView[@text='ADD TO CART']","using":"xpath"}&amp#27;[39m
&amp#27;[38;5;32m[AndroidUiautomator2Driver@c8ba (97e05545)]&amp#27;[0m Calling AppiumDriver.findElement() with args: ["xpath","//android.widget.TextView[@text='ADD TO CART']","97e05545-8943-43c6-b150-6f91fc2b2087"]
&amp#27;[38;5;32m[AndroidUiautomator2Driver@c8ba (97e05545)]&amp#27;[0m Valid locator strategies for this request: xpath, id, class name, accessibility id, css selector, -android uiautomator
&amp#27;[38;5;32m[AndroidUiautomator2Driver@c8ba (97e05545)]&amp#27;[0m Waiting up to 10000 ms for condition
&amp#27;[38;5;32m[AndroidUiautomator2Driver@c8ba (97e05545)]&amp#27;[0m Matched '/element' to command name 'findElement'
&amp#27;[38;5;32m[AndroidUiautomator2Driver@c8ba (97e05545)]&amp#27;[0m Proxying [POST /element] to [POST http://127.0.0.1:8201/session/c28e071d-188f-41a9-a089-67a347e08497/element] with body: {"strategy":"xpath","selector":"//android.widget.TextView[@text='ADD TO CART']","context":"","multiple":false}
&amp#27;[38;5;32m[AndroidUiautomator2Driver@c8ba (97e05545)]&amp#27;[0m Got response with status 200: {"sessionId":"c28e071d-188f-41a9-a089-67a347e08497","value":{"ELEMENT":"00000000-0000-0188-ffff-ffff00000054","element-6066-11e4-a52e-4f735466cecf":"00000000-0000-0188-ffff-ffff00000054"}}
&amp#27;[38;5;32m[AndroidUiautomator2Driver@c8ba (97e05545)]&amp#27;[0m Responding to client with driver.findElement() result: {"element-6066-11e4-a52e-4f735466cecf":"00000000-0000-0188-ffff-ffff00000054","ELEMENT":"00000000-0000-0188-ffff-ffff00000054"}
&amp#27;[38;5;0m[HTTP]&amp#27;[0m &amp#27;[37m<-- POST /session/97e05545-8943-43c6-b150-6f91fc2b2087/element &amp#27;[39m&amp#27;[32m200&amp#27;[39m &amp#27;[90m1735 ms - 137&amp#27;[39m
&amp#27;[38;5;0m[HTTP]&amp#27;[0m &amp#27;[90m&amp#27;[39m
&amp#27;[38;5;0m[HTTP]&amp#27;[0m &amp#27;[37m-->&amp#27;[39m &amp#27;[37mPOST&amp#27;[39m &amp#27;[37m/session/97e05545-8943-43c6-b150-6f91fc2b2087/element/00000000-0000-0188-ffff-ffff00000054/click&amp#27;[39m
&amp#27;[38;5;0m[HTTP]&amp#27;[0m &amp#27;[90m{"id":"00000000-0000-0188-ffff-ffff00000054"}&amp#27;[39m
&amp#27;[38;5;32m[AndroidUiautomator2Driver@c8ba (97e05545)]&amp#27;[0m Calling AppiumDriver.click() with args: ["00000000-0000-0188-ffff-ffff00000054","97e05545-8943-43c6-b150-6f91fc2b2087"]
&amp#27;[38;5;32m[AndroidUiautomator2Driver@c8ba (97e05545)]&amp#27;[0m Matched '/element/00000000-0000-0188-ffff-ffff00000054/click' to command name 'click'
&amp#27;[38;5;32m[AndroidUiautomator2Driver@c8ba (97e05545)]&amp#27;[0m Proxying [POST /element/00000000-0000-0188-ffff-ffff00000054/click] to [POST http://127.0.0.1:8201/session/c28e071d-188f-41a9-a089-67a347e08497/element/00000000-0000-0188-ffff-ffff00000054/click] with body: {"element":"00000000-0000-0188-ffff-ffff00000054"}
&amp#27;[38;5;32m[AndroidUiautomator2Driver@c8ba (97e05545)]&amp#27;[0m Got response with status 200: {"sessionId":"c28e071d-188f-41a9-a089-67a347e08497","value":null}
&amp#27;[38;5;32m[AndroidUiautomator2Driver@c8ba (97e05545)]&amp#27;[0m Responding to client with driver.click() result: null
&amp#27;[38;5;0m[HTTP]&amp#27;[0m &amp#27;[37m<-- POST /session/97e05545-8943-43c6-b150-6f91fc2b2087/element/00000000-0000-0188-ffff-ffff00000054/click &amp#27;[39m&amp#27;[32m200&amp#27;[39m &amp#27;[90m639 ms - 14&amp#27;[39m
&amp#27;[38;5;0m[HTTP]&amp#27;[0m &amp#27;[90m&amp#27;[39m
&amp#27;[38;5;0m[HTTP]&amp#27;[0m &amp#27;[37m-->&amp#27;[39m &amp#27;[37mGET&amp#27;[39m &amp#27;[37m/session/97e05545-8943-43c6-b150-6f91fc2b2087/context&amp#27;[39m
&amp#27;[38;5;0m[HTTP]&amp#27;[0m &amp#27;[90m{}&amp#27;[39m
&amp#27;[38;5;32m[AndroidUiautomator2Driver@c8ba (97e05545)]&amp#27;[0m Calling AppiumDriver.getCurrentContext() with args: ["97e05545-8943-43c6-b150-6f91fc2b2087"]
&amp#27;[38;5;32m[AndroidUiautomator2Driver@c8ba (97e05545)]&amp#27;[0m Responding to client with driver.getCurrentContext() result: "NATIVE_APP"
&amp#27;[38;5;0m[HTTP]&amp#27;[0m &amp#27;[37m<-- GET /session/97e05545-8943-43c6-b150-6f91fc2b2087/context &amp#27;[39m&amp#27;[32m200&amp#27;[39m &amp#27;[90m8 ms - 22&amp#27;[39m
&amp#27;[38;5;0m[HTTP]&amp#27;[0m &amp#27;[90m&amp#27;[39m
&amp#27;[38;5;0m[HTTP]&amp#27;[0m &amp#27;[37m-->&amp#27;[39m &amp#27;[37mPOST&amp#27;[39m &amp#27;[37m/session/97e05545-8943-43c6-b150-6f91fc2b2087/element&amp#27;[39m
&amp#27;[38;5;0m[HTTP]&amp#27;[0m &amp#27;[90m{"value":"//android.widget.TextView[@text='ADD TO CART']","using":"xpath"}&amp#27;[39m
&amp#27;[38;5;32m[AndroidUiautomator2Driver@c8ba (97e05545)]&amp#27;[0m Calling AppiumDriver.findElement() with args: ["xpath","//android.widget.TextView[@text='ADD TO CART']","97e05545-8943-43c6-b150-6f91fc2b2087"]
&amp#27;[38;5;32m[AndroidUiautomator2Driver@c8ba (97e05545)]&amp#27;[0m Valid locator strategies for this request: xpath, id, class name, accessibility id, css selector, -android uiautomator
&amp#27;[38;5;32m[AndroidUiautomator2Driver@c8ba (97e05545)]&amp#27;[0m Waiting up to 10000 ms for condition
&amp#27;[38;5;32m[AndroidUiautomator2Driver@c8ba (97e05545)]&amp#27;[0m Matched '/element' to command name 'findElement'
&amp#27;[38;5;32m[AndroidUiautomator2Driver@c8ba (97e05545)]&amp#27;[0m Proxying [POST /element] to [POST http://127.0.0.1:8201/session/c28e071d-188f-41a9-a089-67a347e08497/element] with body: {"strategy":"xpath","selector":"//android.widget.TextView[@text='ADD TO CART']","context":"","multiple":false}
&amp#27;[38;5;32m[AndroidUiautomator2Driver@c8ba (97e05545)]&amp#27;[0m Got response with status 200: {"sessionId":"c28e071d-188f-41a9-a089-67a347e08497","value":{"ELEMENT":"00000000-0000-0188-ffff-ffff0000005c","element-6066-11e4-a52e-4f735466cecf":"00000000-0000-0188-ffff-ffff0000005c"}}
&amp#27;[38;5;32m[AndroidUiautomator2Driver@c8ba (97e05545)]&amp#27;[0m Responding to client with driver.findElement() result: {"element-6066-11e4-a52e-4f735466cecf":"00000000-0000-0188-ffff-ffff0000005c","ELEMENT":"00000000-0000-0188-ffff-ffff0000005c"}
&amp#27;[38;5;0m[HTTP]&amp#27;[0m &amp#27;[37m<-- POST /session/97e05545-8943-43c6-b150-6f91fc2b2087/element &amp#27;[39m&amp#27;[32m200&amp#27;[39m &amp#27;[90m563 ms - 137&amp#27;[39m
&amp#27;[38;5;0m[HTTP]&amp#27;[0m &amp#27;[90m&amp#27;[39m
&amp#27;[38;5;0m[HTTP]&amp#27;[0m &amp#27;[37m-->&amp#27;[39m &amp#27;[37mPOST&amp#27;[39m &amp#27;[37m/session/97e05545-8943-43c6-b150-6f91fc2b2087/element/00000000-0000-0188-ffff-ffff0000005c/click&amp#27;[39m
&amp#27;[38;5;0m[HTTP]&amp#27;[0m &amp#27;[90m{"id":"00000000-0000-0188-ffff-ffff0000005c"}&amp#27;[39m
&amp#27;[38;5;32m[AndroidUiautomator2Driver@c8ba (97e05545)]&amp#27;[0m Calling AppiumDriver.click() with args: ["00000000-0000-0188-ffff-ffff0000005c","97e05545-8943-43c6-b150-6f91fc2b2087"]
&amp#27;[38;5;32m[AndroidUiautomator2Driver@c8ba (97e05545)]&amp#27;[0m Matched '/element/00000000-0000-0188-ffff-ffff0000005c/click' to command name 'click'
&amp#27;[38;5;32m[AndroidUiautomator2Driver@c8ba (97e05545)]&amp#27;[0m Proxying [POST /element/00000000-0000-0188-ffff-ffff0000005c/click] to [POST http://127.0.0.1:8201/session/c28e071d-188f-41a9-a089-67a347e08497/element/00000000-0000-0188-ffff-ffff0000005c/click] with body: {"element":"00000000-0000-0188-ffff-ffff0000005c"}
&amp#27;[38;5;32m[AndroidUiautomator2Driver@c8ba (97e05545)]&amp#27;[0m Got response with status 200: {"sessionId":"c28e071d-188f-41a9-a089-67a347e08497","value":null}
&amp#27;[38;5;32m[AndroidUiautomator2Driver@c8ba (97e05545)]&amp#27;[0m Responding to client with driver.click() result: null
&amp#27;[38;5;0m[HTTP]&amp#27;[0m &amp#27;[37m<-- POST /session/97e05545-8943-43c6-b150-6f91fc2b2087/element/00000000-0000-0188-ffff-ffff0000005c/click &amp#27;[39m&amp#27;[32m200&amp#27;[39m &amp#27;[90m170 ms - 14&amp#27;[39m
&amp#27;[38;5;0m[HTTP]&amp#27;[0m &amp#27;[90m&amp#27;[39m
&amp#27;[38;5;0m[HTTP]&amp#27;[0m &amp#27;[37m-->&amp#27;[39m &amp#27;[37mGET&amp#27;[39m &amp#27;[37m/session/97e05545-8943-43c6-b150-6f91fc2b2087/context&amp#27;[39m
&amp#27;[38;5;0m[HTTP]&amp#27;[0m &amp#27;[90m{}&amp#27;[39m
&amp#27;[38;5;32m[AndroidUiautomator2Driver@c8ba (97e05545)]&amp#27;[0m Calling AppiumDriver.getCurrentContext() with args: ["97e05545-8943-43c6-b150-6f91fc2b2087"]
&amp#27;[38;5;32m[AndroidUiautomator2Driver@c8ba (97e05545)]&amp#27;[0m Responding to client with driver.getCurrentContext() result: "NATIVE_APP"
&amp#27;[38;5;0m[HTTP]&amp#27;[0m &amp#27;[37m<-- GET /session/97e05545-8943-43c6-b150-6f91fc2b2087/context &amp#27;[39m&amp#27;[32m200&amp#27;[39m &amp#27;[90m4 ms - 22&amp#27;[39m
&amp#27;[38;5;0m[HTTP]&amp#27;[0m &amp#27;[90m&amp#27;[39m
&amp#27;[38;5;0m[HTTP]&amp#27;[0m &amp#27;[37m-->&amp#27;[39m &amp#27;[37mPOST&amp#27;[39m &amp#27;[37m/session/97e05545-8943-43c6-b150-6f91fc2b2087/element&amp#27;[39m
&amp#27;[38;5;0m[HTTP]&amp#27;[0m &amp#27;[90m{"value":"com.androidsample.generalstore:id/appbar_btn_cart","using":"id"}&amp#27;[39m
&amp#27;[38;5;32m[AndroidUiautomator2Driver@c8ba (97e05545)]&amp#27;[0m Calling AppiumDriver.findElement() with args: ["id","com.androidsample.generalstore:id/appbar_btn_cart","97e05545-8943-43c6-b150-6f91fc2b2087"]
&amp#27;[38;5;32m[AndroidUiautomator2Driver@c8ba (97e05545)]&amp#27;[0m Valid locator strategies for this request: xpath, id, class name, accessibility id, css selector, -android uiautomator
&amp#27;[38;5;32m[AndroidUiautomator2Driver@c8ba (97e05545)]&amp#27;[0m Waiting up to 10000 ms for condition
&amp#27;[38;5;32m[AndroidUiautomator2Driver@c8ba (97e05545)]&amp#27;[0m Matched '/element' to command name 'findElement'
&amp#27;[38;5;32m[AndroidUiautomator2Driver@c8ba (97e05545)]&amp#27;[0m Proxying [POST /element] to [POST http://127.0.0.1:8201/session/c28e071d-188f-41a9-a089-67a347e08497/element] with body: {"strategy":"id","selector":"com.androidsample.generalstore:id/appbar_btn_cart","context":"","multiple":false}
&amp#27;[38;5;32m[AndroidUiautomator2Driver@c8ba (97e05545)]&amp#27;[0m Got response with status 200: {"sessionId":"c28e071d-188f-41a9-a089-67a347e08497","value":{"ELEMENT":"00000000-0000-0188-ffff-ffff00000047","element-6066-11e4-a52e-4f735466cecf":"00000000-0000-0188-ffff-ffff00000047"}}
&amp#27;[38;5;32m[AndroidUiautomator2Driver@c8ba (97e05545)]&amp#27;[0m Responding to client with driver.findElement() result: {"element-6066-11e4-a52e-4f735466cecf":"00000000-0000-0188-ffff-ffff00000047","ELEMENT":"00000000-0000-0188-ffff-ffff00000047"}
&amp#27;[38;5;0m[HTTP]&amp#27;[0m &amp#27;[37m<-- POST /session/97e05545-8943-43c6-b150-6f91fc2b2087/element &amp#27;[39m&amp#27;[32m200&amp#27;[39m &amp#27;[90m529 ms - 137&amp#27;[39m
&amp#27;[38;5;0m[HTTP]&amp#27;[0m &amp#27;[90m&amp#27;[39m
&amp#27;[38;5;0m[HTTP]&amp#27;[0m &amp#27;[37m-->&amp#27;[39m &amp#27;[37mPOST&amp#27;[39m &amp#27;[37m/session/97e05545-8943-43c6-b150-6f91fc2b2087/element/00000000-0000-0188-ffff-ffff00000047/click&amp#27;[39m
&amp#27;[38;5;0m[HTTP]&amp#27;[0m &amp#27;[90m{"id":"00000000-0000-0188-ffff-ffff00000047"}&amp#27;[39m
&amp#27;[38;5;32m[AndroidUiautomator2Driver@c8ba (97e05545)]&amp#27;[0m Calling AppiumDriver.click() with args: ["00000000-0000-0188-ffff-ffff00000047","97e05545-8943-43c6-b150-6f91fc2b2087"]
&amp#27;[38;5;32m[AndroidUiautomator2Driver@c8ba (97e05545)]&amp#27;[0m Matched '/element/00000000-0000-0188-ffff-ffff00000047/click' to command name 'click'
&amp#27;[38;5;32m[AndroidUiautomator2Driver@c8ba (97e05545)]&amp#27;[0m Proxying [POST /element/00000000-0000-0188-ffff-ffff00000047/click] to [POST http://127.0.0.1:8201/session/c28e071d-188f-41a9-a089-67a347e08497/element/00000000-0000-0188-ffff-ffff00000047/click] with body: {"element":"00000000-0000-0188-ffff-ffff00000047"}
&amp#27;[38;5;32m[AndroidUiautomator2Driver@c8ba (97e05545)]&amp#27;[0m Got response with status 200: {"sessionId":"c28e071d-188f-41a9-a089-67a347e08497","value":null}
&amp#27;[38;5;32m[AndroidUiautomator2Driver@c8ba (97e05545)]&amp#27;[0m Responding to client with driver.click() result: null
&amp#27;[38;5;0m[HTTP]&amp#27;[0m &amp#27;[37m<-- POST /session/97e05545-8943-43c6-b150-6f91fc2b2087/element/00000000-0000-0188-ffff-ffff00000047/click &amp#27;[39m&amp#27;[32m200&amp#27;[39m &amp#27;[90m215 ms - 14&amp#27;[39m
&amp#27;[38;5;0m[HTTP]&amp#27;[0m &amp#27;[90m&amp#27;[39m
&amp#27;[38;5;0m[HTTP]&amp#27;[0m &amp#27;[37m-->&amp#27;[39m &amp#27;[37mGET&amp#27;[39m &amp#27;[37m/session/97e05545-8943-43c6-b150-6f91fc2b2087/context&amp#27;[39m
&amp#27;[38;5;0m[HTTP]&amp#27;[0m &amp#27;[90m{}&amp#27;[39m
&amp#27;[38;5;32m[AndroidUiautomator2Driver@c8ba (97e05545)]&amp#27;[0m Calling AppiumDriver.getCurrentContext() with args: ["97e05545-8943-43c6-b150-6f91fc2b2087"]
&amp#27;[38;5;32m[AndroidUiautomator2Driver@c8ba (97e05545)]&amp#27;[0m Responding to client with driver.getCurrentContext() result: "NATIVE_APP"
&amp#27;[38;5;0m[HTTP]&amp#27;[0m &amp#27;[37m<-- GET /session/97e05545-8943-43c6-b150-6f91fc2b2087/context &amp#27;[39m&amp#27;[32m200&amp#27;[39m &amp#27;[90m12 ms - 22&amp#27;[39m
&amp#27;[38;5;0m[HTTP]&amp#27;[0m &amp#27;[90m&amp#27;[39m
&amp#27;[38;5;0m[HTTP]&amp#27;[0m &amp#27;[37m-->&amp#27;[39m &amp#27;[37mPOST&amp#27;[39m &amp#27;[37m/session/97e05545-8943-43c6-b150-6f91fc2b2087/element&amp#27;[39m
&amp#27;[38;5;0m[HTTP]&amp#27;[0m &amp#27;[90m{"value":"com.androidsample.generalstore:id/toolbar_title","using":"id"}&amp#27;[39m
&amp#27;[38;5;32m[AndroidUiautomator2Driver@c8ba (97e05545)]&amp#27;[0m Calling AppiumDriver.findElement() with args: ["id","com.androidsample.generalstore:id/toolbar_title","97e05545-8943-43c6-b150-6f91fc2b2087"]
&amp#27;[38;5;32m[AndroidUiautomator2Driver@c8ba (97e05545)]&amp#27;[0m Valid locator strategies for this request: xpath, id, class name, accessibility id, css selector, -android uiautomator
&amp#27;[38;5;32m[AndroidUiautomator2Driver@c8ba (97e05545)]&amp#27;[0m Waiting up to 10000 ms for condition
&amp#27;[38;5;32m[AndroidUiautomator2Driver@c8ba (97e05545)]&amp#27;[0m Matched '/element' to command name 'findElement'
&amp#27;[38;5;32m[AndroidUiautomator2Driver@c8ba (97e05545)]&amp#27;[0m Proxying [POST /element] to [POST http://127.0.0.1:8201/session/c28e071d-188f-41a9-a089-67a347e08497/element] with body: {"strategy":"id","selector":"com.androidsample.generalstore:id/toolbar_title","context":"","multiple":false}
&amp#27;[38;5;32m[AndroidUiautomator2Driver@c8ba (97e05545)]&amp#27;[0m Got response with status 200: {"sessionId":"c28e071d-188f-41a9-a089-67a347e08497","value":{"ELEMENT":"00000000-0000-0189-ffff-ffff00000072","element-6066-11e4-a52e-4f735466cecf":"00000000-0000-0189-ffff-ffff00000072"}}
&amp#27;[38;5;32m[AndroidUiautomator2Driver@c8ba (97e05545)]&amp#27;[0m Responding to client with driver.findElement() result: {"element-6066-11e4-a52e-4f735466cecf":"00000000-0000-0189-ffff-ffff00000072","ELEMENT":"00000000-0000-0189-ffff-ffff00000072"}
&amp#27;[38;5;0m[HTTP]&amp#27;[0m &amp#27;[37m<-- POST /session/97e05545-8943-43c6-b150-6f91fc2b2087/element &amp#27;[39m&amp#27;[32m200&amp#27;[39m &amp#27;[90m1763 ms - 137&amp#27;[39m
&amp#27;[38;5;0m[HTTP]&amp#27;[0m &amp#27;[90m&amp#27;[39m
&amp#27;[38;5;0m[HTTP]&amp#27;[0m &amp#27;[37m-->&amp#27;[39m &amp#27;[37mGET&amp#27;[39m &amp#27;[37m/session/97e05545-8943-43c6-b150-6f91fc2b2087/element/00000000-0000-0189-ffff-ffff00000072/attribute/text&amp#27;[39m
&amp#27;[38;5;0m[HTTP]&amp#27;[0m &amp#27;[90m{}&amp#27;[39m
&amp#27;[38;5;32m[AndroidUiautomator2Driver@c8ba (97e05545)]&amp#27;[0m Calling AppiumDriver.getAttribute() with args: ["text","00000000-0000-0189-ffff-ffff00000072","97e05545-8943-43c6-b150-6f91fc2b2087"]
&amp#27;[38;5;32m[AndroidUiautomator2Driver@c8ba (97e05545)]&amp#27;[0m Matched '/element/00000000-0000-0189-ffff-ffff00000072/attribute/text' to command name 'getAttribute'
&amp#27;[38;5;32m[AndroidUiautomator2Driver@c8ba (97e05545)]&amp#27;[0m Proxying [GET /element/00000000-0000-0189-ffff-ffff00000072/attribute/text] to [GET http://127.0.0.1:8201/session/c28e071d-188f-41a9-a089-67a347e08497/element/00000000-0000-0189-ffff-ffff00000072/attribute/text] with no body
&amp#27;[38;5;32m[AndroidUiautomator2Driver@c8ba (97e05545)]&amp#27;[0m Got response with status 200: {"sessionId":"c28e071d-188f-41a9-a089-67a347e08497","value":"Cart"}
&amp#27;[38;5;32m[AndroidUiautomator2Driver@c8ba (97e05545)]&amp#27;[0m Responding to client with driver.getAttribute() result: "Cart"
&amp#27;[38;5;0m[HTTP]&amp#27;[0m &amp#27;[37m<-- GET /session/97e05545-8943-43c6-b150-6f91fc2b2087/element/00000000-0000-0189-ffff-ffff00000072/attribute/text &amp#27;[39m&amp#27;[32m200&amp#27;[39m &amp#27;[90m73 ms - 16&amp#27;[39m
&amp#27;[38;5;0m[HTTP]&amp#27;[0m &amp#27;[90m&amp#27;[39m
&amp#27;[38;5;0m[HTTP]&amp#27;[0m &amp#27;[37m-->&amp#27;[39m &amp#27;[37mGET&amp#27;[39m &amp#27;[37m/session/97e05545-8943-43c6-b150-6f91fc2b2087/context&amp#27;[39m
&amp#27;[38;5;0m[HTTP]&amp#27;[0m &amp#27;[90m{}&amp#27;[39m
&amp#27;[38;5;32m[AndroidUiautomator2Driver@c8ba (97e05545)]&amp#27;[0m Calling AppiumDriver.getCurrentContext() with args: ["97e05545-8943-43c6-b150-6f91fc2b2087"]
&amp#27;[38;5;32m[AndroidUiautomator2Driver@c8ba (97e05545)]&amp#27;[0m Responding to client with driver.getCurrentContext() result: "NATIVE_APP"
&amp#27;[38;5;0m[HTTP]&amp#27;[0m &amp#27;[37m<-- GET /session/97e05545-8943-43c6-b150-6f91fc2b2087/context &amp#27;[39m&amp#27;[32m200&amp#27;[39m &amp#27;[90m5 ms - 22&amp#27;[39m
&amp#27;[38;5;0m[HTTP]&amp#27;[0m &amp#27;[90m&amp#27;[39m
&amp#27;[38;5;0m[HTTP]&amp#27;[0m &amp#27;[37m-->&amp#27;[39m &amp#27;[37mPOST&amp#27;[39m &amp#27;[37m/session/97e05545-8943-43c6-b150-6f91fc2b2087/elements&amp#27;[39m
&amp#27;[38;5;0m[HTTP]&amp#27;[0m &amp#27;[90m{"value":"com.androidsample.generalstore:id/productPrice","using":"id"}&amp#27;[39m
&amp#27;[38;5;32m[AndroidUiautomator2Driver@c8ba (97e05545)]&amp#27;[0m Calling AppiumDriver.findElements() with args: ["id","com.androidsample.generalstore:id/productPrice","97e05545-8943-43c6-b150-6f91fc2b2087"]
&amp#27;[38;5;32m[AndroidUiautomator2Driver@c8ba (97e05545)]&amp#27;[0m Valid locator strategies for this request: xpath, id, class name, accessibility id, css selector, -android uiautomator
&amp#27;[38;5;32m[AndroidUiautomator2Driver@c8ba (97e05545)]&amp#27;[0m Waiting up to 10000 ms for condition
&amp#27;[38;5;32m[AndroidUiautomator2Driver@c8ba (97e05545)]&amp#27;[0m Matched '/elements' to command name 'findElements'
&amp#27;[38;5;32m[AndroidUiautomator2Driver@c8ba (97e05545)]&amp#27;[0m Proxying [POST /elements] to [POST http://127.0.0.1:8201/session/c28e071d-188f-41a9-a089-67a347e08497/elements] with body: {"strategy":"id","selector":"com.androidsample.generalstore:id/productPrice","context":"","multiple":true}
&amp#27;[38;5;32m[AndroidUiautomator2Driver@c8ba (97e05545)]&amp#27;[0m Got response with status 200: {"sessionId":"c28e071d-188f-41a9-a089-67a347e08497","value":[{"ELEMENT":"00000000-0000-0189-ffff-ffff00000089","element-6066-11e4-a52e-4f735466cecf":"00000000-0000-0189-ffff-ffff00000089"},{"ELEMENT":"00000000-0000-0189-ffff-ffff00000091","element-6066-11e4-a52e-4f735466cecf":"00000000-0000-0189-ffff-ffff00000091"}]}
&amp#27;[38;5;32m[AndroidUiautomator2Driver@c8ba (97e05545)]&amp#27;[0m Responding to client with driver.findElements() result: [{"element-6066-11e4-a52e-4f735466cecf":"00000000-0000-0189-ffff-ffff00000089","ELEMENT":"00000000-0000-0189-ffff-ffff00000089"},{"element-6066-11e4-a52e-4f735466cecf":"00000000-0000-0189-ffff-ffff00000091","ELEMENT":"00000000-0000-0189-ffff-ffff00000091"}]
&amp#27;[38;5;0m[HTTP]&amp#27;[0m &amp#27;[37m<-- POST /session/97e05545-8943-43c6-b150-6f91fc2b2087/elements &amp#27;[39m&amp#27;[32m200&amp#27;[39m &amp#27;[90m269 ms - 267&amp#27;[39m
&amp#27;[38;5;0m[HTTP]&amp#27;[0m &amp#27;[90m&amp#27;[39m
&amp#27;[38;5;0m[HTTP]&amp#27;[0m &amp#27;[37m-->&amp#27;[39m &amp#27;[37mGET&amp#27;[39m &amp#27;[37m/session/97e05545-8943-43c6-b150-6f91fc2b2087/context&amp#27;[39m
&amp#27;[38;5;0m[HTTP]&amp#27;[0m &amp#27;[90m{}&amp#27;[39m
&amp#27;[38;5;32m[AndroidUiautomator2Driver@c8ba (97e05545)]&amp#27;[0m Calling AppiumDriver.getCurrentContext() with args: ["97e05545-8943-43c6-b150-6f91fc2b2087"]
&amp#27;[38;5;32m[AndroidUiautomator2Driver@c8ba (97e05545)]&amp#27;[0m Responding to client with driver.getCurrentContext() result: "NATIVE_APP"
&amp#27;[38;5;0m[HTTP]&amp#27;[0m &amp#27;[37m<-- GET /session/97e05545-8943-43c6-b150-6f91fc2b2087/context &amp#27;[39m&amp#27;[32m200&amp#27;[39m &amp#27;[90m7 ms - 22&amp#27;[39m
&amp#27;[38;5;0m[HTTP]&amp#27;[0m &amp#27;[90m&amp#27;[39m
&amp#27;[38;5;0m[HTTP]&amp#27;[0m &amp#27;[37m-->&amp#27;[39m &amp#27;[37mPOST&amp#27;[39m &amp#27;[37m/session/97e05545-8943-43c6-b150-6f91fc2b2087/elements&amp#27;[39m
&amp#27;[38;5;0m[HTTP]&amp#27;[0m &amp#27;[90m{"value":"com.androidsample.generalstore:id/productPrice","using":"id"}&amp#27;[39m
&amp#27;[38;5;32m[AndroidUiautomator2Driver@c8ba (97e05545)]&amp#27;[0m Calling AppiumDriver.findElements() with args: ["id","com.androidsample.generalstore:id/productPrice","97e05545-8943-43c6-b150-6f91fc2b2087"]
&amp#27;[38;5;32m[AndroidUiautomator2Driver@c8ba (97e05545)]&amp#27;[0m Valid locator strategies for this request: xpath, id, class name, accessibility id, css selector, -android uiautomator
&amp#27;[38;5;32m[AndroidUiautomator2Driver@c8ba (97e05545)]&amp#27;[0m Waiting up to 10000 ms for condition
&amp#27;[38;5;32m[AndroidUiautomator2Driver@c8ba (97e05545)]&amp#27;[0m Matched '/elements' to command name 'findElements'
[...]
&amp#27;[38;5;32m[AndroidUiautomator2Driver@c8ba (97e05545)]&amp#27;[0m Got response with status 200: {"sessionId":"c28e071d-188f-41a9-a089-67a347e08497","value":{"ELEMENT":"00000000-0000-0190-ffff-ffff0000012b","element-6066-11e4-a52e-4f735466cecf":"00000000-0000-0190-ffff-ffff0000012b"}}
&amp#27;[38;5;32m[AndroidUiautomator2Driver@c8ba (97e05545)]&amp#27;[0m Responding to client with driver.findElement() result: {"element-6066-11e4-a52e-4f735466cecf":"00000000-0000-0190-ffff-ffff0000012b","ELEMENT":"00000000-0000-0190-ffff-ffff0000012b"}
&amp#27;[38;5;0m[HTTP]&amp#27;[0m &amp#27;[37m<-- POST /session/97e05545-8943-43c6-b150-6f91fc2b2087/element &amp#27;[39m&amp#27;[32m200&amp#27;[39m &amp#27;[90m506 ms - 137&amp#27;[39m
&amp#27;[38;5;0m[HTTP]&amp#27;[0m &amp#27;[90m&amp#27;[39m
&amp#27;[38;5;0m[HTTP]&amp#27;[0m &amp#27;[37m-->&amp#27;[39m &amp#27;[37mGET&amp#27;[39m &amp#27;[37m/session/97e05545-8943-43c6-b150-6f91fc2b2087/element/00000000-0000-0190-ffff-ffff0000012b/text&amp#27;[39m
&amp#27;[38;5;0m[HTTP]&amp#27;[0m &amp#27;[90m{}&amp#27;[39m
&amp#27;[38;5;32m[AndroidUiautomator2Driver@c8ba (97e05545)]&amp#27;[0m Driver proxy active, passing request on via HTTP proxy
&amp#27;[38;5;32m[AndroidUiautomator2Driver@c8ba (97e05545)]&amp#27;[0m Matched '/session/97e05545-8943-43c6-b150-6f91fc2b2087/element/00000000-0000-0190-ffff-ffff0000012b/text' to command name 'getText'
&amp#27;[38;5;32m[AndroidUiautomator2Driver@c8ba (97e05545)]&amp#27;[0m Proxying [GET /session/97e05545-8943-43c6-b150-6f91fc2b2087/element/00000000-0000-0190-ffff-ffff0000012b/text] to [GET http://127.0.0.1:8201/session/c28e071d-188f-41a9-a089-67a347e08497/element/00000000-0000-0190-ffff-ffff0000012b/text] with no body
&amp#27;[38;5;32m[AndroidUiautomator2Driver@c8ba (97e05545)]&amp#27;[0m Got response with status 200: {"sessionId":"c28e071d-188f-41a9-a089-67a347e08497","value":"$ 280.97"}
&amp#27;[38;5;32m[AndroidUiautomator2Driver@c8ba (97e05545)]&amp#27;[0m Replacing sessionId c28e071d-188f-41a9-a089-67a347e08497 with 97e05545-8943-43c6-b150-6f91fc2b2087
&amp#27;[38;5;0m[HTTP]&amp#27;[0m &amp#27;[37m<-- GET /session/97e05545-8943-43c6-b150-6f91fc2b2087/element/00000000-0000-0190-ffff-ffff0000012b/text &amp#27;[39m&amp#27;[32m200&amp#27;[39m &amp#27;[90m86 ms - 71&amp#27;[39m
&amp#27;[38;5;0m[HTTP]&amp#27;[0m &amp#27;[90m&amp#27;[39m
&amp#27;[38;5;0m[HTTP]&amp#27;[0m &amp#27;[37m-->&amp#27;[39m &amp#27;[37mGET&amp#27;[39m &amp#27;[37m/session/97e05545-8943-43c6-b150-6f91fc2b2087/context&amp#27;[39m
&amp#27;[38;5;0m[HTTP]&amp#27;[0m &amp#27;[90m{}&amp#27;[39m
&amp#27;[38;5;32m[AndroidUiautomator2Driver@c8ba (97e05545)]&amp#27;[0m Calling AppiumDriver.getCurrentContext() with args: ["97e05545-8943-43c6-b150-6f91fc2b2087"]
&amp#27;[38;5;32m[AndroidUiautomator2Driver@c8ba (97e05545)]&amp#27;[0m Responding to client with driver.getCurrentContext() result: "NATIVE_APP"
&amp#27;[38;5;0m[HTTP]&amp#27;[0m &amp#27;[37m<-- GET /session/97e05545-8943-43c6-b150-6f91fc2b2087/context &amp#27;[39m&amp#27;[32m200&amp#27;[39m &amp#27;[90m3 ms - 22&amp#27;[39m
&amp#27;[38;5;0m[HTTP]&amp#27;[0m &amp#27;[90m&amp#27;[39m
&amp#27;[38;5;0m[HTTP]&amp#27;[0m &amp#27;[37m-->&amp#27;[39m &amp#27;[37mPOST&amp#27;[39m &amp#27;[37m/session/97e05545-8943-43c6-b150-6f91fc2b2087/element&amp#27;[39m
&amp#27;[38;5;0m[HTTP]&amp#27;[0m &amp#27;[90m{"value":"com.androidsample.generalstore:id/termsButton","using":"id"}&amp#27;[39m
&amp#27;[38;5;32m[AndroidUiautomator2Driver@c8ba (97e05545)]&amp#27;[0m Calling AppiumDriver.findElement() with args: ["id","com.androidsample.generalstore:id/termsButton","97e05545-8943-43c6-b150-6f91fc2b2087"]
&amp#27;[38;5;32m[AndroidUiautomator2Driver@c8ba (97e05545)]&amp#27;[0m Valid locator strategies for this request: xpath, id, class name, accessibility id, css selector, -android uiautomator
&amp#27;[38;5;32m[AndroidUiautomator2Driver@c8ba (97e05545)]&amp#27;[0m Waiting up to 10000 ms for condition
&amp#27;[38;5;32m[AndroidUiautomator2Driver@c8ba (97e05545)]&amp#27;[0m Matched '/element' to command name 'findElement'
&amp#27;[38;5;32m[AndroidUiautomator2Driver@c8ba (97e05545)]&amp#27;[0m Proxying [POST /element] to [POST http://127.0.0.1:8201/session/c28e071d-188f-41a9-a089-67a347e08497/element] with body: {"strategy":"id","selector":"com.androidsample.generalstore:id/termsButton","context":"","multiple":false}
&amp#27;[38;5;32m[AndroidUiautomator2Driver@c8ba (97e05545)]&amp#27;[0m Got response with status 200: {"sessionId":"c28e071d-188f-41a9-a089-67a347e08497","value":{"ELEMENT":"00000000-0000-0190-ffff-ffff0000012e","element-6066-11e4-a52e-4f735466cecf":"00000000-0000-0190-ffff-ffff0000012e"}}
&amp#27;[38;5;32m[AndroidUiautomator2Driver@c8ba (97e05545)]&amp#27;[0m Responding to client with driver.findElement() result: {"element-6066-11e4-a52e-4f735466cecf":"00000000-0000-0190-ffff-ffff0000012e","ELEMENT":"00000000-0000-0190-ffff-ffff0000012e"}
&amp#27;[38;5;0m[HTTP]&amp#27;[0m &amp#27;[37m<-- POST /session/97e05545-8943-43c6-b150-6f91fc2b2087/element &amp#27;[39m&amp#27;[32m200&amp#27;[39m &amp#27;[90m274 ms - 137&amp#27;[39m
&amp#27;[38;5;0m[HTTP]&amp#27;[0m &amp#27;[90m&amp#27;[39m
&amp#27;[38;5;0m[HTTP]&amp#27;[0m &amp#27;[37m-->&amp#27;[39m &amp#27;[37mPOST&amp#27;[39m &amp#27;[37m/session/97e05545-8943-43c6-b150-6f91fc2b2087/execute/sync&amp#27;[39m
&amp#27;[38;5;0m[HTTP]&amp#27;[0m &amp#27;[90m{"args":[{"elementId":"00000000-0000-0190-ffff-ffff0000012e","duration":2000}],"script":"mobile: longClickGesture"}&amp#27;[39m
&amp#27;[38;5;32m[AndroidUiautomator2Driver@c8ba (97e05545)]&amp#27;[0m Calling AppiumDriver.execute() with args: ["mobile: longClickGesture",[{"elementId":"00000000-0000-0190-ffff-ffff0000012e","duration":2000}],"97e05545-8943-43c6-b150-6f91fc2b2087"]
&amp#27;[38;5;32m[AndroidUiautomator2Driver@c8ba (97e05545)]&amp#27;[0m Executing native command 'mobile: longClickGesture'
&amp#27;[38;5;32m[AndroidUiautomator2Driver@c8ba (97e05545)]&amp#27;[0m Proxying [POST /appium/gestures/long_click] to [POST http://127.0.0.1:8201/session/c28e071d-188f-41a9-a089-67a347e08497/appium/gestures/long_click] with body: {"origin":{"ELEMENT":"00000000-0000-0190-ffff-ffff0000012e","element-6066-11e4-a52e-4f735466cecf":"00000000-0000-0190-ffff-ffff0000012e"},"duration":2000}
&amp#27;[38;5;32m[AndroidUiautomator2Driver@c8ba (97e05545)]&amp#27;[0m Got response with status 200: {"sessionId":"c28e071d-188f-41a9-a089-67a347e08497","value":null}
&amp#27;[38;5;32m[AndroidUiautomator2Driver@c8ba (97e05545)]&amp#27;[0m Responding to client with driver.execute() result: null
&amp#27;[38;5;0m[HTTP]&amp#27;[0m &amp#27;[37m<-- POST /session/97e05545-8943-43c6-b150-6f91fc2b2087/execute/sync &amp#27;[39m&amp#27;[32m200&amp#27;[39m &amp#27;[90m10307 ms - 14&amp#27;[39m
&amp#27;[38;5;0m[HTTP]&amp#27;[0m &amp#27;[90m&amp#27;[39m
&amp#27;[38;5;0m[HTTP]&amp#27;[0m &amp#27;[37m-->&amp#27;[39m &amp#27;[37mGET&amp#27;[39m &amp#27;[37m/session/97e05545-8943-43c6-b150-6f91fc2b2087/context&amp#27;[39m
&amp#27;[38;5;0m[HTTP]&amp#27;[0m &amp#27;[90m{}&amp#27;[39m
&amp#27;[38;5;32m[AndroidUiautomator2Driver@c8ba (97e05545)]&amp#27;[0m Calling AppiumDriver.getCurrentContext() with args: ["97e05545-8943-43c6-b150-6f91fc2b2087"]
&amp#27;[38;5;32m[AndroidUiautomator2Driver@c8ba (97e05545)]&amp#27;[0m Responding to client with driver.getCurrentContext() result: "NATIVE_APP"
&amp#27;[38;5;0m[HTTP]&amp#27;[0m &amp#27;[37m<-- GET /session/97e05545-8943-43c6-b150-6f91fc2b2087/context &amp#27;[39m&amp#27;[32m200&amp#27;[39m &amp#27;[90m3 ms - 22&amp#27;[39m
&amp#27;[38;5;0m[HTTP]&amp#27;[0m &amp#27;[90m&amp#27;[39m
&amp#27;[38;5;0m[HTTP]&amp#27;[0m &amp#27;[37m-->&amp#27;[39m &amp#27;[37mPOST&amp#27;[39m &amp#27;[37m/session/97e05545-8943-43c6-b150-6f91fc2b2087/element&amp#27;[39m
&amp#27;[38;5;0m[HTTP]&amp#27;[0m &amp#27;[90m{"value":"android:id/button1","using":"id"}&amp#27;[39m
&amp#27;[38;5;32m[AndroidUiautomator2Driver@c8ba (97e05545)]&amp#27;[0m Calling AppiumDriver.findElement() with args: ["id","android:id/button1","97e05545-8943-43c6-b150-6f91fc2b2087"]
&amp#27;[38;5;32m[AndroidUiautomator2Driver@c8ba (97e05545)]&amp#27;[0m Valid locator strategies for this request: xpath, id, class name, accessibility id, css selector, -android uiautomator
&amp#27;[38;5;32m[AndroidUiautomator2Driver@c8ba (97e05545)]&amp#27;[0m Waiting up to 10000 ms for condition
&amp#27;[38;5;32m[AndroidUiautomator2Driver@c8ba (97e05545)]&amp#27;[0m Matched '/element' to command name 'findElement'
&amp#27;[38;5;32m[AndroidUiautomator2Driver@c8ba (97e05545)]&amp#27;[0m Proxying [POST /element] to [POST http://127.0.0.1:8201/session/c28e071d-188f-41a9-a089-67a347e08497/element] with body: {"strategy":"id","selector":"android:id/button1","context":"","multiple":false}
&amp#27;[38;5;32m[AndroidUiautomator2Driver@c8ba (97e05545)]&amp#27;[0m Got response with status 200: {"sessionId":"c28e071d-188f-41a9-a089-67a347e08497","value":{"ELEMENT":"00000000-0000-0191-ffff-ffff0000015a","element-6066-11e4-a52e-4f735466cecf":"00000000-0000-0191-ffff-ffff0000015a"}}
&amp#27;[38;5;32m[AndroidUiautomator2Driver@c8ba (97e05545)]&amp#27;[0m Responding to client with driver.findElement() result: {"element-6066-11e4-a52e-4f735466cecf":"00000000-0000-0191-ffff-ffff0000015a","ELEMENT":"00000000-0000-0191-ffff-ffff0000015a"}
&amp#27;[38;5;0m[HTTP]&amp#27;[0m &amp#27;[37m<-- POST /session/97e05545-8943-43c6-b150-6f91fc2b2087/element &amp#27;[39m&amp#27;[32m200&amp#27;[39m &amp#27;[90m384 ms - 137&amp#27;[39m
&amp#27;[38;5;0m[HTTP]&amp#27;[0m &amp#27;[90m&amp#27;[39m
&amp#27;[38;5;0m[HTTP]&amp#27;[0m &amp#27;[37m-->&amp#27;[39m &amp#27;[37mPOST&amp#27;[39m &amp#27;[37m/session/97e05545-8943-43c6-b150-6f91fc2b2087/element/00000000-0000-0191-ffff-ffff0000015a/click&amp#27;[39m
&amp#27;[38;5;0m[HTTP]&amp#27;[0m &amp#27;[90m{"id":"00000000-0000-0191-ffff-ffff0000015a"}&amp#27;[39m
&amp#27;[38;5;32m[AndroidUiautomator2Driver@c8ba (97e05545)]&amp#27;[0m Calling AppiumDriver.click() with args: ["00000000-0000-0191-ffff-ffff0000015a","97e05545-8943-43c6-b150-6f91fc2b2087"]
&amp#27;[38;5;32m[AndroidUiautomator2Driver@c8ba (97e05545)]&amp#27;[0m Matched '/element/00000000-0000-0191-ffff-ffff0000015a/click' to command name 'click'
&amp#27;[38;5;32m[AndroidUiautomator2Driver@c8ba (97e05545)]&amp#27;[0m Proxying [POST /element/00000000-0000-0191-ffff-ffff0000015a/click] to [POST http://127.0.0.1:8201/session/c28e071d-188f-41a9-a089-67a347e08497/element/00000000-0000-0191-ffff-ffff0000015a/click] with body: {"element":"00000000-0000-0191-ffff-ffff0000015a"}
&amp#27;[38;5;32m[AndroidUiautomator2Driver@c8ba (97e05545)]&amp#27;[0m Got response with status 200: {"sessionId":"c28e071d-188f-41a9-a089-67a347e08497","value":null}
&amp#27;[38;5;32m[AndroidUiautomator2Driver@c8ba (97e05545)]&amp#27;[0m Responding to client with driver.click() result: null
&amp#27;[38;5;0m[HTTP]&amp#27;[0m &amp#27;[37m<-- POST /session/97e05545-8943-43c6-b150-6f91fc2b2087/element/00000000-0000-0191-ffff-ffff0000015a/click &amp#27;[39m&amp#27;[32m200&amp#27;[39m &amp#27;[90m540 ms - 14&amp#27;[39m
&amp#27;[38;5;0m[HTTP]&amp#27;[0m &amp#27;[90m&amp#27;[39m
&amp#27;[38;5;0m[HTTP]&amp#27;[0m &amp#27;[37m-->&amp#27;[39m &amp#27;[37mGET&amp#27;[39m &amp#27;[37m/session/97e05545-8943-43c6-b150-6f91fc2b2087/context&amp#27;[39m
&amp#27;[38;5;0m[HTTP]&amp#27;[0m &amp#27;[90m{}&amp#27;[39m
&amp#27;[38;5;32m[AndroidUiautomator2Driver@c8ba (97e05545)]&amp#27;[0m Calling AppiumDriver.getCurrentContext() with args: ["97e05545-8943-43c6-b150-6f91fc2b2087"]
&amp#27;[38;5;32m[AndroidUiautomator2Driver@c8ba (97e05545)]&amp#27;[0m Responding to client with driver.getCurrentContext() result: "NATIVE_APP"
&amp#27;[38;5;0m[HTTP]&amp#27;[0m &amp#27;[37m<-- GET /session/97e05545-8943-43c6-b150-6f91fc2b2087/context &amp#27;[39m&amp#27;[32m200&amp#27;[39m &amp#27;[90m3 ms - 22&amp#27;[39m
&amp#27;[38;5;0m[HTTP]&amp#27;[0m &amp#27;[90m&amp#27;[39m
&amp#27;[38;5;0m[HTTP]&amp#27;[0m &amp#27;[37m-->&amp#27;[39m &amp#27;[37mPOST&amp#27;[39m &amp#27;[37m/session/97e05545-8943-43c6-b150-6f91fc2b2087/element&amp#27;[39m
&amp#27;[38;5;0m[HTTP]&amp#27;[0m &amp#27;[90m{"value":"android.widget.CheckBox","using":"class name"}&amp#27;[39m
&amp#27;[38;5;32m[AndroidUiautomator2Driver@c8ba (97e05545)]&amp#27;[0m Calling AppiumDriver.findElement() with args: ["class name","android.widget.CheckBox","97e05545-8943-43c6-b150-6f91fc2b2087"]
&amp#27;[38;5;32m[AndroidUiautomator2Driver@c8ba (97e05545)]&amp#27;[0m Valid locator strategies for this request: xpath, id, class name, accessibility id, css selector, -android uiautomator
&amp#27;[38;5;32m[AndroidUiautomator2Driver@c8ba (97e05545)]&amp#27;[0m Waiting up to 10000 ms for condition
&amp#27;[38;5;32m[AndroidUiautomator2Driver@c8ba (97e05545)]&amp#27;[0m Matched '/element' to command name 'findElement'
&amp#27;[38;5;32m[AndroidUiautomator2Driver@c8ba (97e05545)]&amp#27;[0m Proxying [POST /element] to [POST http://127.0.0.1:8201/session/c28e071d-188f-41a9-a089-67a347e08497/element] with body: {"strategy":"class name","selector":"android.widget.CheckBox","context":"","multiple":false}
&amp#27;[38;5;32m[AndroidUiautomator2Driver@c8ba (97e05545)]&amp#27;[0m Got response with status 200: {"sessionId":"c28e071d-188f-41a9-a089-67a347e08497","value":{"ELEMENT":"00000000-0000-0190-ffff-ffff0000012c","element-6066-11e4-a52e-4f735466cecf":"00000000-0000-0190-ffff-ffff0000012c"}}
&amp#27;[38;5;32m[AndroidUiautomator2Driver@c8ba (97e05545)]&amp#27;[0m Responding to client with driver.findElement() result: {"element-6066-11e4-a52e-4f735466cecf":"00000000-0000-0190-ffff-ffff0000012c","ELEMENT":"00000000-0000-0190-ffff-ffff0000012c"}
&amp#27;[38;5;0m[HTTP]&amp#27;[0m &amp#27;[37m<-- POST /session/97e05545-8943-43c6-b150-6f91fc2b2087/element &amp#27;[39m&amp#27;[32m200&amp#27;[39m &amp#27;[90m1137 ms - 137&amp#27;[39m
&amp#27;[38;5;0m[HTTP]&amp#27;[0m &amp#27;[90m&amp#27;[39m
&amp#27;[38;5;0m[HTTP]&amp#27;[0m &amp#27;[37m-->&amp#27;[39m &amp#27;[37mPOST&amp#27;[39m &amp#27;[37m/session/97e05545-8943-43c6-b150-6f91fc2b2087/element/00000000-0000-0190-ffff-ffff0000012c/click&amp#27;[39m
&amp#27;[38;5;0m[HTTP]&amp#27;[0m &amp#27;[90m{"id":"00000000-0000-0190-ffff-ffff0000012c"}&amp#27;[39m
&amp#27;[38;5;32m[AndroidUiautomator2Driver@c8ba (97e05545)]&amp#27;[0m Calling AppiumDriver.click() with args: ["00000000-0000-0190-ffff-ffff0000012c","97e05545-8943-43c6-b150-6f91fc2b2087"]
&amp#27;[38;5;32m[AndroidUiautomator2Driver@c8ba (97e05545)]&amp#27;[0m Matched '/element/00000000-0000-0190-ffff-ffff0000012c/click' to command name 'click'
&amp#27;[38;5;32m[AndroidUiautomator2Driver@c8ba (97e05545)]&amp#27;[0m Proxying [POST /element/00000000-0000-0190-ffff-ffff0000012c/click] to [POST http://127.0.0.1:8201/session/c28e071d-188f-41a9-a089-67a347e08497/element/00000000-0000-0190-ffff-ffff0000012c/click] with body: {"element":"00000000-0000-0190-ffff-ffff0000012c"}
&amp#27;[38;5;32m[AndroidUiautomator2Driver@c8ba (97e05545)]&amp#27;[0m Got response with status 200: {"sessionId":"c28e071d-188f-41a9-a089-67a347e08497","value":null}
&amp#27;[38;5;32m[AndroidUiautomator2Driver@c8ba (97e05545)]&amp#27;[0m Responding to client with driver.click() result: null
&amp#27;[38;5;0m[HTTP]&amp#27;[0m &amp#27;[37m<-- POST /session/97e05545-8943-43c6-b150-6f91fc2b2087/element/00000000-0000-0190-ffff-ffff0000012c/click &amp#27;[39m&amp#27;[32m200&amp#27;[39m &amp#27;[90m292 ms - 14&amp#27;[39m
&amp#27;[38;5;0m[HTTP]&amp#27;[0m &amp#27;[90m&amp#27;[39m
&amp#27;[38;5;0m[HTTP]&amp#27;[0m &amp#27;[37m-->&amp#27;[39m &amp#27;[37mGET&amp#27;[39m &amp#27;[37m/session/97e05545-8943-43c6-b150-6f91fc2b2087/context&amp#27;[39m
&amp#27;[38;5;0m[HTTP]&amp#27;[0m &amp#27;[90m{}&amp#27;[39m
&amp#27;[38;5;32m[AndroidUiautomator2Driver@c8ba (97e05545)]&amp#27;[0m Calling AppiumDriver.getCurrentContext() with args: ["97e05545-8943-43c6-b150-6f91fc2b2087"]
&amp#27;[38;5;32m[AndroidUiautomator2Driver@c8ba (97e05545)]&amp#27;[0m Responding to client with driver.getCurrentContext() result: "NATIVE_APP"
&amp#27;[38;5;0m[HTTP]&amp#27;[0m &amp#27;[37m<-- GET /session/97e05545-8943-43c6-b150-6f91fc2b2087/context &amp#27;[39m&amp#27;[32m200&amp#27;[39m &amp#27;[90m3 ms - 22&amp#27;[39m
&amp#27;[38;5;0m[HTTP]&amp#27;[0m &amp#27;[90m&amp#27;[39m
&amp#27;[38;5;0m[HTTP]&amp#27;[0m &amp#27;[37m-->&amp#27;[39m &amp#27;[37mPOST&amp#27;[39m &amp#27;[37m/session/97e05545-8943-43c6-b150-6f91fc2b2087/element&amp#27;[39m
&amp#27;[38;5;0m[HTTP]&amp#27;[0m &amp#27;[90m{"value":"com.androidsample.generalstore:id/btnProceed","using":"id"}&amp#27;[39m
&amp#27;[38;5;32m[AndroidUiautomator2Driver@c8ba (97e05545)]&amp#27;[0m Calling AppiumDriver.findElement() with args: ["id","com.androidsample.generalstore:id/btnProceed","97e05545-8943-43c6-b150-6f91fc2b2087"]
&amp#27;[38;5;32m[AndroidUiautomator2Driver@c8ba (97e05545)]&amp#27;[0m Valid locator strategies for this request: xpath, id, class name, accessibility id, css selector, -android uiautomator
&amp#27;[38;5;32m[AndroidUiautomator2Driver@c8ba (97e05545)]&amp#27;[0m Waiting up to 10000 ms for condition
&amp#27;[38;5;32m[AndroidUiautomator2Driver@c8ba (97e05545)]&amp#27;[0m Matched '/element' to command name 'findElement'
&amp#27;[38;5;32m[AndroidUiautomator2Driver@c8ba (97e05545)]&amp#27;[0m Proxying [POST /element] to [POST http://127.0.0.1:8201/session/c28e071d-188f-41a9-a089-67a347e08497/element] with body: {"strategy":"id","selector":"com.androidsample.generalstore:id/btnProceed","context":"","multiple":false}
&amp#27;[38;5;32m[AndroidUiautomator2Driver@c8ba (97e05545)]&amp#27;[0m Got response with status 200: {"sessionId":"c28e071d-188f-41a9-a089-67a347e08497","value":{"ELEMENT":"00000000-0000-0190-ffff-ffff0000012d","element-6066-11e4-a52e-4f735466cecf":"00000000-0000-0190-ffff-ffff0000012d"}}
&amp#27;[38;5;32m[AndroidUiautomator2Driver@c8ba (97e05545)]&amp#27;[0m Responding to client with driver.findElement() result: {"element-6066-11e4-a52e-4f735466cecf":"00000000-0000-0190-ffff-ffff0000012d","ELEMENT":"00000000-0000-0190-ffff-ffff0000012d"}
&amp#27;[38;5;0m[HTTP]&amp#27;[0m &amp#27;[37m<-- POST /session/97e05545-8943-43c6-b150-6f91fc2b2087/element &amp#27;[39m&amp#27;[32m200&amp#27;[39m &amp#27;[90m783 ms - 137&amp#27;[39m
&amp#27;[38;5;0m[HTTP]&amp#27;[0m &amp#27;[90m&amp#27;[39m
&amp#27;[38;5;0m[HTTP]&amp#27;[0m &amp#27;[37m-->&amp#27;[39m &amp#27;[37mPOST&amp#27;[39m &amp#27;[37m/session/97e05545-8943-43c6-b150-6f91fc2b2087/element/00000000-0000-0190-ffff-ffff0000012d/click&amp#27;[39m
&amp#27;[38;5;0m[HTTP]&amp#27;[0m &amp#27;[90m{"id":"00000000-0000-0190-ffff-ffff0000012d"}&amp#27;[39m
&amp#27;[38;5;32m[AndroidUiautomator2Driver@c8ba (97e05545)]&amp#27;[0m Calling AppiumDriver.click() with args: ["00000000-0000-0190-ffff-ffff0000012d","97e05545-8943-43c6-b150-6f91fc2b2087"]
&amp#27;[38;5;32m[AndroidUiautomator2Driver@c8ba (97e05545)]&amp#27;[0m Matched '/element/00000000-0000-0190-ffff-ffff0000012d/click' to command name 'click'
&amp#27;[38;5;32m[AndroidUiautomator2Driver@c8ba (97e05545)]&amp#27;[0m Proxying [POST /element/00000000-0000-0190-ffff-ffff0000012d/click] to [POST http://127.0.0.1:8201/session/c28e071d-188f-41a9-a089-67a347e08497/element/00000000-0000-0190-ffff-ffff0000012d/click] with body: {"element":"00000000-0000-0190-ffff-ffff0000012d"}
&amp#27;[38;5;32m[AndroidUiautomator2Driver@c8ba (97e05545)]&amp#27;[0m Got response with status 200: {"sessionId":"c28e071d-188f-41a9-a089-67a347e08497","value":null}
&amp#27;[38;5;32m[AndroidUiautomator2Driver@c8ba (97e05545)]&amp#27;[0m Responding to client with driver.click() result: null
&amp#27;[38;5;0m[HTTP]&amp#27;[0m &amp#27;[37m<-- POST /session/97e05545-8943-43c6-b150-6f91fc2b2087/element/00000000-0000-0190-ffff-ffff0000012d/click &amp#27;[39m&amp#27;[32m200&amp#27;[39m &amp#27;[90m371 ms - 14&amp#27;[39m
&amp#27;[38;5;0m[HTTP]&amp#27;[0m &amp#27;[90m&amp#27;[39m
]]></system-out>
  </testcase>
</testsuite>