<?xml version="1.0" encoding="UTF-8"?>
<testng-results ignored="5" total="7" passed="1" failed="1" skipped="0">
  <reporter-output>
  </reporter-output>
  <suite started-at="2024-06-30T20:09:43 IST" name="Suite" finished-at="2024-06-30T20:11:35 IST" duration-ms="111717">
    <groups>
      <group name="Smoke">
        <method signature="eCommerce_tc_4_Hybrid.E2E_TC(java.util.HashMap)[pri:0, instance:org.appiumpractise.TestCases.eCommerce_tc_4_Hybrid@a87f8ec]" name="E2E_TC" class="org.appiumpractise.TestCases.eCommerce_tc_4_Hybrid"/>
      </group> <!-- Smoke -->
    </groups>
    <test started-at="2024-06-30T20:09:43 IST" name="End To End FrameWork Test" finished-at="2024-06-30T20:09:43 IST" duration-ms="40">
    </test> <!-- End To End FrameWork Test -->
    <test started-at="2024-06-30T20:09:46 IST" name="Error Validation Test" finished-at="2024-06-30T20:09:46 IST" duration-ms="3">
    </test> <!-- Error Validation Test -->
    <test started-at="2024-06-30T20:09:47 IST" name="Sanity Test" finished-at="2024-06-30T20:11:35 IST" duration-ms="108019">
      <class name="org.appiumpractise.TestCases.eCommerce_tc_4_Hybrid">
        <test-method is-config="true" signature="ConfigureAppium()[pri:0, instance:org.appiumpractise.TestCases.eCommerce_tc_4_Hybrid@a87f8ec]" started-at="2024-06-30T20:09:47 IST" name="ConfigureAppium" finished-at="2024-06-30T20:10:26 IST" duration-ms="39039" status="PASS">
          <reporter-output>
          </reporter-output>
        </test-method> <!-- ConfigureAppium -->
        <test-method is-config="true" signature="preSetup()[pri:0, instance:org.appiumpractise.TestCases.eCommerce_tc_4_Hybrid@a87f8ec]" started-at="2024-06-30T20:10:27 IST" name="preSetup" finished-at="2024-06-30T20:10:28 IST" duration-ms="1282" status="PASS">
          <reporter-output>
          </reporter-output>
        </test-method> <!-- preSetup -->
        <test-method signature="E2E_TC(java.util.HashMap)[pri:0, instance:org.appiumpractise.TestCases.eCommerce_tc_4_Hybrid@a87f8ec]" started-at="2024-06-30T20:10:28 IST" name="E2E_TC" data-provider="getData" finished-at="2024-06-30T20:11:02 IST" duration-ms="34193" status="PASS">
          <params>
            <param index="0">
              <value>
                <![CDATA[{name=Hannah Mckay, countryName=Argentina, gender=female}]]>
              </value>
            </param>
          </params>
          <reporter-output>
          </reporter-output>
        </test-method> <!-- E2E_TC -->
        <test-method is-config="true" signature="preSetup()[pri:0, instance:org.appiumpractise.TestCases.eCommerce_tc_4_Hybrid@a87f8ec]" started-at="2024-06-30T20:11:02 IST" name="preSetup" finished-at="2024-06-30T20:11:11 IST" duration-ms="8457" status="PASS">
          <reporter-output>
          </reporter-output>
        </test-method> <!-- preSetup -->
        <test-method signature="E2E_TC(java.util.HashMap)[pri:0, instance:org.appiumpractise.TestCases.eCommerce_tc_4_Hybrid@a87f8ec]" started-at="2024-06-30T20:11:11 IST" name="E2E_TC" data-provider="getData" finished-at="2024-06-30T20:11:30 IST" duration-ms="19613" status="FAIL">
          <params>
            <param index="0">
              <value>
                <![CDATA[{name=Jitendra, countryName=India, gender=male}]]>
              </value>
            </param>
          </params>
          <exception class="org.openqa.selenium.NoSuchElementException">
            <message>
              <![CDATA[An element could not be located on the page using the given search parameters.
For documentation on this error, please visit: https://www.selenium.dev/documentation/webdriver/troubleshooting/errors#no-such-element-exception
Build info: version: '4.22.0', revision: 'c5f3146703*'
System info: os.name: 'Windows 11', os.arch: 'amd64', os.version: '10.0', java.version: '17.0.5'
Driver info: io.appium.java_client.android.AndroidDriver
Command: [fbec922c-a020-48cd-b95c-9b460fc6725c, findElement {using=-android uiautomator, value=new UiScrollable(new UiSelector()).scrollIntoView(text("India"));}]
Capabilities {appium:app: C:\Users\user1\eclipse-work..., appium:appPackage: com.androidsample.generalstore, appium:automationName: UIAutomator2, appium:databaseEnabled: false, appium:desired: {app: C:\Users\user1\eclipse-work..., automationName: UIAutomator2, deviceName: Pixel 4 API 33, platformName: ANDROID}, appium:deviceApiLevel: 33, appium:deviceManufacturer: Google, appium:deviceModel: sdk_gphone64_x86_64, appium:deviceName: emulator-5554, appium:deviceScreenDensity: 440, appium:deviceScreenSize: 1080x2280, appium:deviceUDID: emulator-5554, appium:javascriptEnabled: true, appium:locationContextEnabled: false, appium:networkConnectionEnabled: true, appium:pixelRatio: 2.75, appium:platformVersion: 13, appium:statBarHeight: 83, appium:takesScreenshot: true, appium:viewportRect: {height: 2197, left: 0, top: 83, width: 1080}, appium:warnings: {}, appium:webStorageEnabled: false, platformName: ANDROID}
Session ID: fbec922c-a020-48cd-b95c-9b460fc6725c]]>
            </message>
            <full-stacktrace>
              <![CDATA[org.openqa.selenium.NoSuchElementException: An element could not be located on the page using the given search parameters.
For documentation on this error, please visit: https://www.selenium.dev/documentation/webdriver/troubleshooting/errors#no-such-element-exception
Build info: version: '4.22.0', revision: 'c5f3146703*'
System info: os.name: 'Windows 11', os.arch: 'amd64', os.version: '10.0', java.version: '17.0.5'
Driver info: io.appium.java_client.android.AndroidDriver
Command: [fbec922c-a020-48cd-b95c-9b460fc6725c, findElement {using=-android uiautomator, value=new UiScrollable(new UiSelector()).scrollIntoView(text("India"));}]
Capabilities {appium:app: C:\Users\user1\eclipse-work..., appium:appPackage: com.androidsample.generalstore, appium:automationName: UIAutomator2, appium:databaseEnabled: false, appium:desired: {app: C:\Users\user1\eclipse-work..., automationName: UIAutomator2, deviceName: Pixel 4 API 33, platformName: ANDROID}, appium:deviceApiLevel: 33, appium:deviceManufacturer: Google, appium:deviceModel: sdk_gphone64_x86_64, appium:deviceName: emulator-5554, appium:deviceScreenDensity: 440, appium:deviceScreenSize: 1080x2280, appium:deviceUDID: emulator-5554, appium:javascriptEnabled: true, appium:locationContextEnabled: false, appium:networkConnectionEnabled: true, appium:pixelRatio: 2.75, appium:platformVersion: 13, appium:statBarHeight: 83, appium:takesScreenshot: true, appium:viewportRect: {height: 2197, left: 0, top: 83, width: 1080}, appium:warnings: {}, appium:webStorageEnabled: false, platformName: ANDROID}
Session ID: fbec922c-a020-48cd-b95c-9b460fc6725c
at java.base/jdk.internal.reflect.NativeConstructorAccessorImpl.newInstance0(Native Method)
at java.base/jdk.internal.reflect.NativeConstructorAccessorImpl.newInstance(NativeConstructorAccessorImpl.java:77)
at java.base/jdk.internal.reflect.DelegatingConstructorAccessorImpl.newInstance(DelegatingConstructorAccessorImpl.java:45)
at java.base/java.lang.reflect.Constructor.newInstanceWithCaller(Constructor.java:499)
at java.base/java.lang.reflect.Constructor.newInstance(Constructor.java:480)
at org.openqa.selenium.remote.ErrorCodec.decode(ErrorCodec.java:167)
at org.openqa.selenium.remote.codec.w3c.W3CHttpResponseCodec.decode(W3CHttpResponseCodec.java:138)
at org.openqa.selenium.remote.codec.w3c.W3CHttpResponseCodec.decode(W3CHttpResponseCodec.java:50)
at org.openqa.selenium.remote.HttpCommandExecutor.execute(HttpCommandExecutor.java:190)
at io.appium.java_client.remote.AppiumCommandExecutor.execute(AppiumCommandExecutor.java:237)
at org.openqa.selenium.remote.RemoteWebDriver.execute(RemoteWebDriver.java:518)
at org.openqa.selenium.remote.ElementLocation$ElementFinder$2.findElement(ElementLocation.java:165)
at org.openqa.selenium.remote.ElementLocation.findElement(ElementLocation.java:59)
at org.openqa.selenium.remote.RemoteWebDriver.findElement(RemoteWebDriver.java:355)
at org.openqa.selenium.remote.RemoteWebDriver.findElement(RemoteWebDriver.java:349)
at org.appiumpractise.utils.AndroidActions.ScrollUntilElementIsFound(AndroidActions.java:33)
at org.appiumpractise.pageObjects.android.FormPage.chooseCountry(FormPage.java:51)
at org.appiumpractise.TestCases.eCommerce_tc_4_Hybrid.E2E_TC(eCommerce_tc_4_Hybrid.java:21)
at java.base/jdk.internal.reflect.NativeMethodAccessorImpl.invoke0(Native Method)
at java.base/jdk.internal.reflect.NativeMethodAccessorImpl.invoke(NativeMethodAccessorImpl.java:77)
at java.base/jdk.internal.reflect.DelegatingMethodAccessorImpl.invoke(DelegatingMethodAccessorImpl.java:43)
at java.base/java.lang.reflect.Method.invoke(Method.java:568)
at org.testng.internal.invokers.MethodInvocationHelper.invokeMethod(MethodInvocationHelper.java:139)
at org.testng.internal.invokers.TestInvoker.invokeMethod(TestInvoker.java:677)
at org.testng.internal.invokers.TestInvoker.invokeTestMethod(TestInvoker.java:221)
at org.testng.internal.invokers.MethodRunner.runInSequence(MethodRunner.java:50)
at org.testng.internal.invokers.TestInvoker$MethodInvocationAgent.invoke(TestInvoker.java:962)
at org.testng.internal.invokers.TestInvoker.invokeTestMethods(TestInvoker.java:194)
at org.testng.internal.invokers.TestMethodWorker.invokeTestMethods(TestMethodWorker.java:148)
at org.testng.internal.invokers.TestMethodWorker.run(TestMethodWorker.java:128)
at java.base/java.util.ArrayList.forEach(ArrayList.java:1511)
at org.testng.TestRunner.privateRun(TestRunner.java:806)
at org.testng.TestRunner.run(TestRunner.java:601)
at org.testng.SuiteRunner.runTest(SuiteRunner.java:433)
at org.testng.SuiteRunner.runSequentially(SuiteRunner.java:427)
at org.testng.SuiteRunner.privateRun(SuiteRunner.java:387)
at org.testng.SuiteRunner.run(SuiteRunner.java:330)
at org.testng.SuiteRunnerWorker.runSuite(SuiteRunnerWorker.java:52)
at org.testng.SuiteRunnerWorker.run(SuiteRunnerWorker.java:95)
at org.testng.TestNG.runSuitesSequentially(TestNG.java:1256)
at org.testng.TestNG.runSuitesLocally(TestNG.java:1176)
at org.testng.TestNG.runSuites(TestNG.java:1099)
at org.testng.TestNG.run(TestNG.java:1067)
at org.testng.remote.AbstractRemoteTestNG.run(AbstractRemoteTestNG.java:115)
at org.testng.remote.RemoteTestNG.initAndRun(RemoteTestNG.java:251)
at org.testng.remote.RemoteTestNG.main(RemoteTestNG.java:77)
]]>
            </full-stacktrace>
          </exception> <!-- org.openqa.selenium.NoSuchElementException -->
          <reporter-output>
          </reporter-output>
        </test-method> <!-- E2E_TC -->
        <test-method is-config="true" signature="TearDown()[pri:0, instance:org.appiumpractise.TestCases.eCommerce_tc_4_Hybrid@a87f8ec]" started-at="2024-06-30T20:11:33 IST" name="TearDown" finished-at="2024-06-30T20:11:35 IST" duration-ms="1693" status="PASS">
          <reporter-output>
          </reporter-output>
        </test-method> <!-- TearDown -->
      </class> <!-- org.appiumpractise.TestCases.eCommerce_tc_4_Hybrid -->
    </test> <!-- Sanity Test -->
  </suite> <!-- Suite -->
</testng-results>
